<?xml version="1.0" encoding="UTF-8"?>
<!-- Generated by org.testng.reporters.JUnitXMLReporter -->
<testsuite ignored="21" hostname="webanix_USER" failures="18" tests="22" name="Test" time="55.123" errors="0" timestamp="2025-08-22T18:47:38 IST">
  <testcase classname="PAGES.Config_Contractors" name="add_companies" time="6.385"/>
  <testcase classname="PAGES.Configure_Branch" name="add_branches" time="1.355">
    <failure type="org.openqa.selenium.ElementClickInterceptedException" message="element click intercepted: Element &amp;lt;div class=&amp;quot; flex justify-center items-center flex-col gap-[5px] w-100 h-full border-b-1 border-[var(--bs-primary)] &amp;quot; style=&amp;quot;width: 100%; text-align: center; padding-left: 0px; height: 100%;&amp;quot;&amp;gt;...&amp;lt;/div&amp;gt; is not clickable at point (76, 618). Other element would receive the click: &amp;lt;div class=&amp;quot;ant-drawer-mask&amp;quot; style=&amp;quot;transition: opacity 0.3s ease-in-out;&amp;quot;&amp;gt;&amp;lt;/div&amp;gt;
  (Session info: chrome=139.0.7258.128)
Build info: version: &amp;apos;4.27.0&amp;apos;, revision: &amp;apos;d6e718d134&amp;apos;
System info: os.name: &amp;apos;Windows 11&amp;apos;, os.arch: &amp;apos;amd64&amp;apos;, os.version: &amp;apos;10.0&amp;apos;, java.version: &amp;apos;21.0.6&amp;apos;
Driver info: org.openqa.selenium.chrome.ChromeDriver
Command: [c74bf41b85ca77efa95d54edf4f964dc, clickElement {id=f.E58A7F2C082F23FCA24EC4A81EF8031E.d.349DFC9EE70FF4860706FA7B5BE4D72E.e.131}]
Capabilities {acceptInsecureCerts: false, browserName: chrome, browserVersion: 139.0.7258.128, chrome: {chromedriverVersion: 139.0.7258.138 (884e54ea8d4..., userDataDir: C:\Users\weban\AppData\Loca...}, fedcm:accounts: true, goog:chromeOptions: {debuggerAddress: localhost:52249}, networkConnectionEnabled: false, pageLoadStrategy: normal, platformName: windows, proxy: Proxy(), se:cdp: ws://localhost:52249/devtoo..., se:cdpVersion: 139.0.7258.128, setWindowRect: true, strictFileInteractability: false, timeouts: {implicit: 0, pageLoad: 300000, script: 30000}, unhandledPromptBehavior: dismiss and notify, webauthn:extension:credBlob: true, webauthn:extension:largeBlob: true, webauthn:extension:minPinLength: true, webauthn:extension:prf: true, webauthn:virtualAuthenticators: true}
Element: [[ChromeDriver: chrome on windows (c74bf41b85ca77efa95d54edf4f964dc)] -&amp;gt; xpath: //*[@id=&amp;quot;root&amp;quot;]/div/div/div[1]/div/div/div[2]/div/div[8]/div/div/a/div/div]
Session ID: c74bf41b85ca77efa95d54edf4f964dc">
      <![CDATA[org.openqa.selenium.ElementClickInterceptedException: element click intercepted: Element <div class=" flex justify-center items-center flex-col gap-[5px] w-100 h-full border-b-1 border-[var(--bs-primary)] " style="width: 100%; text-align: center; padding-left: 0px; height: 100%;">...</div> is not clickable at point (76, 618). Other element would receive the click: <div class="ant-drawer-mask" style="transition: opacity 0.3s ease-in-out;"></div>
  (Session info: chrome=139.0.7258.128)
Build info: version: '4.27.0', revision: 'd6e718d134'
System info: os.name: 'Windows 11', os.arch: 'amd64', os.version: '10.0', java.version: '21.0.6'
Driver info: org.openqa.selenium.chrome.ChromeDriver
Command: [c74bf41b85ca77efa95d54edf4f964dc, clickElement {id=f.E58A7F2C082F23FCA24EC4A81EF8031E.d.349DFC9EE70FF4860706FA7B5BE4D72E.e.131}]
Capabilities {acceptInsecureCerts: false, browserName: chrome, browserVersion: 139.0.7258.128, chrome: {chromedriverVersion: 139.0.7258.138 (884e54ea8d4..., userDataDir: C:\Users\weban\AppData\Loca...}, fedcm:accounts: true, goog:chromeOptions: {debuggerAddress: localhost:52249}, networkConnectionEnabled: false, pageLoadStrategy: normal, platformName: windows, proxy: Proxy(), se:cdp: ws://localhost:52249/devtoo..., se:cdpVersion: 139.0.7258.128, setWindowRect: true, strictFileInteractability: false, timeouts: {implicit: 0, pageLoad: 300000, script: 30000}, unhandledPromptBehavior: dismiss and notify, webauthn:extension:credBlob: true, webauthn:extension:largeBlob: true, webauthn:extension:minPinLength: true, webauthn:extension:prf: true, webauthn:virtualAuthenticators: true}
Element: [[ChromeDriver: chrome on windows (c74bf41b85ca77efa95d54edf4f964dc)] -> xpath: //*[@id="root"]/div/div/div[1]/div/div/div[2]/div/div[8]/div/div/a/div/div]
Session ID: c74bf41b85ca77efa95d54edf4f964dc
at org.openqa.selenium.remote.ErrorCodec.decode(ErrorCodec.java:167)
at org.openqa.selenium.remote.codec.w3c.W3CHttpResponseCodec.decode(W3CHttpResponseCodec.java:138)
at org.openqa.selenium.remote.codec.w3c.W3CHttpResponseCodec.decode(W3CHttpResponseCodec.java:50)
at org.openqa.selenium.remote.HttpCommandExecutor.execute(HttpCommandExecutor.java:190)
at org.openqa.selenium.remote.service.DriverCommandExecutor.invokeExecute(DriverCommandExecutor.java:216)
at org.openqa.selenium.remote.service.DriverCommandExecutor.execute(DriverCommandExecutor.java:174)
at org.openqa.selenium.remote.RemoteWebDriver.execute(RemoteWebDriver.java:545)
at org.openqa.selenium.remote.RemoteWebElement.execute(RemoteWebElement.java:223)
at org.openqa.selenium.remote.RemoteWebElement.click(RemoteWebElement.java:76)
at PAGES.Configure_Branch.add_branches(Configure_Branch.java:15)
at java.base/java.util.ArrayList.forEach(ArrayList.java:1596)
... Removed 28 stack frames]]>
    </failure>
  </testcase> <!-- add_branches -->
  <testcase classname="PAGES.Add_Program_document" name="add_program_document" time="1.296">
    <failure type="org.openqa.selenium.ElementClickInterceptedException" message="element click intercepted: Element &amp;lt;div class=&amp;quot;flex justify-center items-center gap-[0px] w-100 h-full &amp;quot;&amp;gt;...&amp;lt;/div&amp;gt; is not clickable at point (76, 548). Other element would receive the click: &amp;lt;div class=&amp;quot;ant-drawer-mask&amp;quot; style=&amp;quot;transition: opacity 0.3s ease-in-out;&amp;quot;&amp;gt;&amp;lt;/div&amp;gt;
  (Session info: chrome=139.0.7258.128)
Build info: version: &amp;apos;4.27.0&amp;apos;, revision: &amp;apos;d6e718d134&amp;apos;
System info: os.name: &amp;apos;Windows 11&amp;apos;, os.arch: &amp;apos;amd64&amp;apos;, os.version: &amp;apos;10.0&amp;apos;, java.version: &amp;apos;21.0.6&amp;apos;
Driver info: org.openqa.selenium.chrome.ChromeDriver
Command: [c74bf41b85ca77efa95d54edf4f964dc, clickElement {id=f.E58A7F2C082F23FCA24EC4A81EF8031E.d.349DFC9EE70FF4860706FA7B5BE4D72E.e.132}]
Capabilities {acceptInsecureCerts: false, browserName: chrome, browserVersion: 139.0.7258.128, chrome: {chromedriverVersion: 139.0.7258.138 (884e54ea8d4..., userDataDir: C:\Users\weban\AppData\Loca...}, fedcm:accounts: true, goog:chromeOptions: {debuggerAddress: localhost:52249}, networkConnectionEnabled: false, pageLoadStrategy: normal, platformName: windows, proxy: Proxy(), se:cdp: ws://localhost:52249/devtoo..., se:cdpVersion: 139.0.7258.128, setWindowRect: true, strictFileInteractability: false, timeouts: {implicit: 0, pageLoad: 300000, script: 30000}, unhandledPromptBehavior: dismiss and notify, webauthn:extension:credBlob: true, webauthn:extension:largeBlob: true, webauthn:extension:minPinLength: true, webauthn:extension:prf: true, webauthn:virtualAuthenticators: true}
Element: [[ChromeDriver: chrome on windows (c74bf41b85ca77efa95d54edf4f964dc)] -&amp;gt; xpath: //*[@id=&amp;quot;root&amp;quot;]/div/div/div[1]/div/div/div[2]/div/div[7]/div/div/a/div]
Session ID: c74bf41b85ca77efa95d54edf4f964dc">
      <![CDATA[org.openqa.selenium.ElementClickInterceptedException: element click intercepted: Element <div class="flex justify-center items-center gap-[0px] w-100 h-full ">...</div> is not clickable at point (76, 548). Other element would receive the click: <div class="ant-drawer-mask" style="transition: opacity 0.3s ease-in-out;"></div>
  (Session info: chrome=139.0.7258.128)
Build info: version: '4.27.0', revision: 'd6e718d134'
System info: os.name: 'Windows 11', os.arch: 'amd64', os.version: '10.0', java.version: '21.0.6'
Driver info: org.openqa.selenium.chrome.ChromeDriver
Command: [c74bf41b85ca77efa95d54edf4f964dc, clickElement {id=f.E58A7F2C082F23FCA24EC4A81EF8031E.d.349DFC9EE70FF4860706FA7B5BE4D72E.e.132}]
Capabilities {acceptInsecureCerts: false, browserName: chrome, browserVersion: 139.0.7258.128, chrome: {chromedriverVersion: 139.0.7258.138 (884e54ea8d4..., userDataDir: C:\Users\weban\AppData\Loca...}, fedcm:accounts: true, goog:chromeOptions: {debuggerAddress: localhost:52249}, networkConnectionEnabled: false, pageLoadStrategy: normal, platformName: windows, proxy: Proxy(), se:cdp: ws://localhost:52249/devtoo..., se:cdpVersion: 139.0.7258.128, setWindowRect: true, strictFileInteractability: false, timeouts: {implicit: 0, pageLoad: 300000, script: 30000}, unhandledPromptBehavior: dismiss and notify, webauthn:extension:credBlob: true, webauthn:extension:largeBlob: true, webauthn:extension:minPinLength: true, webauthn:extension:prf: true, webauthn:virtualAuthenticators: true}
Element: [[ChromeDriver: chrome on windows (c74bf41b85ca77efa95d54edf4f964dc)] -> xpath: //*[@id="root"]/div/div/div[1]/div/div/div[2]/div/div[7]/div/div/a/div]
Session ID: c74bf41b85ca77efa95d54edf4f964dc
at org.openqa.selenium.remote.ErrorCodec.decode(ErrorCodec.java:167)
at org.openqa.selenium.remote.codec.w3c.W3CHttpResponseCodec.decode(W3CHttpResponseCodec.java:138)
at org.openqa.selenium.remote.codec.w3c.W3CHttpResponseCodec.decode(W3CHttpResponseCodec.java:50)
at org.openqa.selenium.remote.HttpCommandExecutor.execute(HttpCommandExecutor.java:190)
at org.openqa.selenium.remote.service.DriverCommandExecutor.invokeExecute(DriverCommandExecutor.java:216)
at org.openqa.selenium.remote.service.DriverCommandExecutor.execute(DriverCommandExecutor.java:174)
at org.openqa.selenium.remote.RemoteWebDriver.execute(RemoteWebDriver.java:545)
at org.openqa.selenium.remote.RemoteWebElement.execute(RemoteWebElement.java:223)
at org.openqa.selenium.remote.RemoteWebElement.click(RemoteWebElement.java:76)
at PAGES.Add_Program_document.add_program_document(Add_Program_document.java:16)
at java.base/java.util.ArrayList.forEach(ArrayList.java:1596)
... Removed 28 stack frames]]>
    </failure>
  </testcase> <!-- add_program_document -->
  <testcase classname="PAGES.Configuration_Grades" name="add_Grades" time="1.158">
    <failure type="org.openqa.selenium.ElementClickInterceptedException" message="element click intercepted: Element &amp;lt;div class=&amp;quot; flex justify-center items-center flex-col gap-[5px] w-100 h-full border-b-1 border-[var(--bs-primary)] &amp;quot; style=&amp;quot;width: 100%; text-align: center; padding-left: 0px; height: 100%;&amp;quot;&amp;gt;...&amp;lt;/div&amp;gt; is not clickable at point (76, 618). Other element would receive the click: &amp;lt;div class=&amp;quot;ant-drawer-mask&amp;quot; style=&amp;quot;transition: opacity 0.3s ease-in-out;&amp;quot;&amp;gt;&amp;lt;/div&amp;gt;
  (Session info: chrome=139.0.7258.128)
Build info: version: &amp;apos;4.27.0&amp;apos;, revision: &amp;apos;d6e718d134&amp;apos;
System info: os.name: &amp;apos;Windows 11&amp;apos;, os.arch: &amp;apos;amd64&amp;apos;, os.version: &amp;apos;10.0&amp;apos;, java.version: &amp;apos;21.0.6&amp;apos;
Driver info: org.openqa.selenium.chrome.ChromeDriver
Command: [c74bf41b85ca77efa95d54edf4f964dc, clickElement {id=f.E58A7F2C082F23FCA24EC4A81EF8031E.d.349DFC9EE70FF4860706FA7B5BE4D72E.e.131}]
Capabilities {acceptInsecureCerts: false, browserName: chrome, browserVersion: 139.0.7258.128, chrome: {chromedriverVersion: 139.0.7258.138 (884e54ea8d4..., userDataDir: C:\Users\weban\AppData\Loca...}, fedcm:accounts: true, goog:chromeOptions: {debuggerAddress: localhost:52249}, networkConnectionEnabled: false, pageLoadStrategy: normal, platformName: windows, proxy: Proxy(), se:cdp: ws://localhost:52249/devtoo..., se:cdpVersion: 139.0.7258.128, setWindowRect: true, strictFileInteractability: false, timeouts: {implicit: 0, pageLoad: 300000, script: 30000}, unhandledPromptBehavior: dismiss and notify, webauthn:extension:credBlob: true, webauthn:extension:largeBlob: true, webauthn:extension:minPinLength: true, webauthn:extension:prf: true, webauthn:virtualAuthenticators: true}
Element: [[ChromeDriver: chrome on windows (c74bf41b85ca77efa95d54edf4f964dc)] -&amp;gt; xpath: //*[@id=&amp;quot;root&amp;quot;]/div/div/div[1]/div/div/div[2]/div/div[8]/div/div/a/div/div]
Session ID: c74bf41b85ca77efa95d54edf4f964dc">
      <![CDATA[org.openqa.selenium.ElementClickInterceptedException: element click intercepted: Element <div class=" flex justify-center items-center flex-col gap-[5px] w-100 h-full border-b-1 border-[var(--bs-primary)] " style="width: 100%; text-align: center; padding-left: 0px; height: 100%;">...</div> is not clickable at point (76, 618). Other element would receive the click: <div class="ant-drawer-mask" style="transition: opacity 0.3s ease-in-out;"></div>
  (Session info: chrome=139.0.7258.128)
Build info: version: '4.27.0', revision: 'd6e718d134'
System info: os.name: 'Windows 11', os.arch: 'amd64', os.version: '10.0', java.version: '21.0.6'
Driver info: org.openqa.selenium.chrome.ChromeDriver
Command: [c74bf41b85ca77efa95d54edf4f964dc, clickElement {id=f.E58A7F2C082F23FCA24EC4A81EF8031E.d.349DFC9EE70FF4860706FA7B5BE4D72E.e.131}]
Capabilities {acceptInsecureCerts: false, browserName: chrome, browserVersion: 139.0.7258.128, chrome: {chromedriverVersion: 139.0.7258.138 (884e54ea8d4..., userDataDir: C:\Users\weban\AppData\Loca...}, fedcm:accounts: true, goog:chromeOptions: {debuggerAddress: localhost:52249}, networkConnectionEnabled: false, pageLoadStrategy: normal, platformName: windows, proxy: Proxy(), se:cdp: ws://localhost:52249/devtoo..., se:cdpVersion: 139.0.7258.128, setWindowRect: true, strictFileInteractability: false, timeouts: {implicit: 0, pageLoad: 300000, script: 30000}, unhandledPromptBehavior: dismiss and notify, webauthn:extension:credBlob: true, webauthn:extension:largeBlob: true, webauthn:extension:minPinLength: true, webauthn:extension:prf: true, webauthn:virtualAuthenticators: true}
Element: [[ChromeDriver: chrome on windows (c74bf41b85ca77efa95d54edf4f964dc)] -> xpath: //*[@id="root"]/div/div/div[1]/div/div/div[2]/div/div[8]/div/div/a/div/div]
Session ID: c74bf41b85ca77efa95d54edf4f964dc
at org.openqa.selenium.remote.ErrorCodec.decode(ErrorCodec.java:167)
at org.openqa.selenium.remote.codec.w3c.W3CHttpResponseCodec.decode(W3CHttpResponseCodec.java:138)
at org.openqa.selenium.remote.codec.w3c.W3CHttpResponseCodec.decode(W3CHttpResponseCodec.java:50)
at org.openqa.selenium.remote.HttpCommandExecutor.execute(HttpCommandExecutor.java:190)
at org.openqa.selenium.remote.service.DriverCommandExecutor.invokeExecute(DriverCommandExecutor.java:216)
at org.openqa.selenium.remote.service.DriverCommandExecutor.execute(DriverCommandExecutor.java:174)
at org.openqa.selenium.remote.RemoteWebDriver.execute(RemoteWebDriver.java:545)
at org.openqa.selenium.remote.RemoteWebElement.execute(RemoteWebElement.java:223)
at org.openqa.selenium.remote.RemoteWebElement.click(RemoteWebElement.java:76)
at PAGES.Configuration_Grades.add_Grades(Configuration_Grades.java:15)
at java.base/java.util.ArrayList.forEach(ArrayList.java:1596)
... Removed 28 stack frames]]>
    </failure>
  </testcase> <!-- add_Grades -->
  <testcase classname="PAGES.Configuration_Salary_Structure" name="add_Salarystructure" time="1.233">
    <failure type="org.openqa.selenium.ElementClickInterceptedException" message="element click intercepted: Element &amp;lt;div class=&amp;quot; flex justify-center items-center flex-col gap-[5px] w-100 h-full border-b-1 border-[var(--bs-primary)] &amp;quot; style=&amp;quot;width: 100%; text-align: center; padding-left: 0px; height: 100%;&amp;quot;&amp;gt;...&amp;lt;/div&amp;gt; is not clickable at point (76, 618). Other element would receive the click: &amp;lt;div class=&amp;quot;ant-drawer-mask&amp;quot; style=&amp;quot;transition: opacity 0.3s ease-in-out;&amp;quot;&amp;gt;&amp;lt;/div&amp;gt;
  (Session info: chrome=139.0.7258.128)
Build info: version: &amp;apos;4.27.0&amp;apos;, revision: &amp;apos;d6e718d134&amp;apos;
System info: os.name: &amp;apos;Windows 11&amp;apos;, os.arch: &amp;apos;amd64&amp;apos;, os.version: &amp;apos;10.0&amp;apos;, java.version: &amp;apos;21.0.6&amp;apos;
Driver info: org.openqa.selenium.chrome.ChromeDriver
Command: [c74bf41b85ca77efa95d54edf4f964dc, clickElement {id=f.E58A7F2C082F23FCA24EC4A81EF8031E.d.349DFC9EE70FF4860706FA7B5BE4D72E.e.131}]
Capabilities {acceptInsecureCerts: false, browserName: chrome, browserVersion: 139.0.7258.128, chrome: {chromedriverVersion: 139.0.7258.138 (884e54ea8d4..., userDataDir: C:\Users\weban\AppData\Loca...}, fedcm:accounts: true, goog:chromeOptions: {debuggerAddress: localhost:52249}, networkConnectionEnabled: false, pageLoadStrategy: normal, platformName: windows, proxy: Proxy(), se:cdp: ws://localhost:52249/devtoo..., se:cdpVersion: 139.0.7258.128, setWindowRect: true, strictFileInteractability: false, timeouts: {implicit: 0, pageLoad: 300000, script: 30000}, unhandledPromptBehavior: dismiss and notify, webauthn:extension:credBlob: true, webauthn:extension:largeBlob: true, webauthn:extension:minPinLength: true, webauthn:extension:prf: true, webauthn:virtualAuthenticators: true}
Element: [[ChromeDriver: chrome on windows (c74bf41b85ca77efa95d54edf4f964dc)] -&amp;gt; xpath: //*[@id=&amp;quot;root&amp;quot;]/div/div/div[1]/div/div/div[2]/div/div[8]/div/div/a/div/div]
Session ID: c74bf41b85ca77efa95d54edf4f964dc">
      <![CDATA[org.openqa.selenium.ElementClickInterceptedException: element click intercepted: Element <div class=" flex justify-center items-center flex-col gap-[5px] w-100 h-full border-b-1 border-[var(--bs-primary)] " style="width: 100%; text-align: center; padding-left: 0px; height: 100%;">...</div> is not clickable at point (76, 618). Other element would receive the click: <div class="ant-drawer-mask" style="transition: opacity 0.3s ease-in-out;"></div>
  (Session info: chrome=139.0.7258.128)
Build info: version: '4.27.0', revision: 'd6e718d134'
System info: os.name: 'Windows 11', os.arch: 'amd64', os.version: '10.0', java.version: '21.0.6'
Driver info: org.openqa.selenium.chrome.ChromeDriver
Command: [c74bf41b85ca77efa95d54edf4f964dc, clickElement {id=f.E58A7F2C082F23FCA24EC4A81EF8031E.d.349DFC9EE70FF4860706FA7B5BE4D72E.e.131}]
Capabilities {acceptInsecureCerts: false, browserName: chrome, browserVersion: 139.0.7258.128, chrome: {chromedriverVersion: 139.0.7258.138 (884e54ea8d4..., userDataDir: C:\Users\weban\AppData\Loca...}, fedcm:accounts: true, goog:chromeOptions: {debuggerAddress: localhost:52249}, networkConnectionEnabled: false, pageLoadStrategy: normal, platformName: windows, proxy: Proxy(), se:cdp: ws://localhost:52249/devtoo..., se:cdpVersion: 139.0.7258.128, setWindowRect: true, strictFileInteractability: false, timeouts: {implicit: 0, pageLoad: 300000, script: 30000}, unhandledPromptBehavior: dismiss and notify, webauthn:extension:credBlob: true, webauthn:extension:largeBlob: true, webauthn:extension:minPinLength: true, webauthn:extension:prf: true, webauthn:virtualAuthenticators: true}
Element: [[ChromeDriver: chrome on windows (c74bf41b85ca77efa95d54edf4f964dc)] -> xpath: //*[@id="root"]/div/div/div[1]/div/div/div[2]/div/div[8]/div/div/a/div/div]
Session ID: c74bf41b85ca77efa95d54edf4f964dc
at org.openqa.selenium.remote.ErrorCodec.decode(ErrorCodec.java:167)
at org.openqa.selenium.remote.codec.w3c.W3CHttpResponseCodec.decode(W3CHttpResponseCodec.java:138)
at org.openqa.selenium.remote.codec.w3c.W3CHttpResponseCodec.decode(W3CHttpResponseCodec.java:50)
at org.openqa.selenium.remote.HttpCommandExecutor.execute(HttpCommandExecutor.java:190)
at org.openqa.selenium.remote.service.DriverCommandExecutor.invokeExecute(DriverCommandExecutor.java:216)
at org.openqa.selenium.remote.service.DriverCommandExecutor.execute(DriverCommandExecutor.java:174)
at org.openqa.selenium.remote.RemoteWebDriver.execute(RemoteWebDriver.java:545)
at org.openqa.selenium.remote.RemoteWebElement.execute(RemoteWebElement.java:223)
at org.openqa.selenium.remote.RemoteWebElement.click(RemoteWebElement.java:76)
at PAGES.Configuration_Salary_Structure.add_Salarystructure(Configuration_Salary_Structure.java:15)
at java.base/java.util.ArrayList.forEach(ArrayList.java:1596)
... Removed 28 stack frames]]>
    </failure>
  </testcase> <!-- add_Salarystructure -->
  <testcase classname="PAGES.Config_Investment_Type" name="add_companies" time="1.156">
    <failure type="org.openqa.selenium.ElementClickInterceptedException" message="element click intercepted: Element &amp;lt;div class=&amp;quot; flex justify-center items-center flex-col gap-[5px] w-100 h-full border-b-1 border-[var(--bs-primary)] &amp;quot; style=&amp;quot;width: 100%; text-align: center; padding-left: 0px; height: 100%;&amp;quot;&amp;gt;...&amp;lt;/div&amp;gt; is not clickable at point (76, 618). Other element would receive the click: &amp;lt;div class=&amp;quot;ant-drawer-mask&amp;quot; style=&amp;quot;transition: opacity 0.3s ease-in-out;&amp;quot;&amp;gt;&amp;lt;/div&amp;gt;
  (Session info: chrome=139.0.7258.128)
Build info: version: &amp;apos;4.27.0&amp;apos;, revision: &amp;apos;d6e718d134&amp;apos;
System info: os.name: &amp;apos;Windows 11&amp;apos;, os.arch: &amp;apos;amd64&amp;apos;, os.version: &amp;apos;10.0&amp;apos;, java.version: &amp;apos;21.0.6&amp;apos;
Driver info: org.openqa.selenium.chrome.ChromeDriver
Command: [c74bf41b85ca77efa95d54edf4f964dc, clickElement {id=f.E58A7F2C082F23FCA24EC4A81EF8031E.d.349DFC9EE70FF4860706FA7B5BE4D72E.e.131}]
Capabilities {acceptInsecureCerts: false, browserName: chrome, browserVersion: 139.0.7258.128, chrome: {chromedriverVersion: 139.0.7258.138 (884e54ea8d4..., userDataDir: C:\Users\weban\AppData\Loca...}, fedcm:accounts: true, goog:chromeOptions: {debuggerAddress: localhost:52249}, networkConnectionEnabled: false, pageLoadStrategy: normal, platformName: windows, proxy: Proxy(), se:cdp: ws://localhost:52249/devtoo..., se:cdpVersion: 139.0.7258.128, setWindowRect: true, strictFileInteractability: false, timeouts: {implicit: 0, pageLoad: 300000, script: 30000}, unhandledPromptBehavior: dismiss and notify, webauthn:extension:credBlob: true, webauthn:extension:largeBlob: true, webauthn:extension:minPinLength: true, webauthn:extension:prf: true, webauthn:virtualAuthenticators: true}
Element: [[ChromeDriver: chrome on windows (c74bf41b85ca77efa95d54edf4f964dc)] -&amp;gt; xpath: //*[@id=&amp;quot;root&amp;quot;]/div/div/div[1]/div/div/div[2]/div/div[8]/div/div/a/div/div]
Session ID: c74bf41b85ca77efa95d54edf4f964dc">
      <![CDATA[org.openqa.selenium.ElementClickInterceptedException: element click intercepted: Element <div class=" flex justify-center items-center flex-col gap-[5px] w-100 h-full border-b-1 border-[var(--bs-primary)] " style="width: 100%; text-align: center; padding-left: 0px; height: 100%;">...</div> is not clickable at point (76, 618). Other element would receive the click: <div class="ant-drawer-mask" style="transition: opacity 0.3s ease-in-out;"></div>
  (Session info: chrome=139.0.7258.128)
Build info: version: '4.27.0', revision: 'd6e718d134'
System info: os.name: 'Windows 11', os.arch: 'amd64', os.version: '10.0', java.version: '21.0.6'
Driver info: org.openqa.selenium.chrome.ChromeDriver
Command: [c74bf41b85ca77efa95d54edf4f964dc, clickElement {id=f.E58A7F2C082F23FCA24EC4A81EF8031E.d.349DFC9EE70FF4860706FA7B5BE4D72E.e.131}]
Capabilities {acceptInsecureCerts: false, browserName: chrome, browserVersion: 139.0.7258.128, chrome: {chromedriverVersion: 139.0.7258.138 (884e54ea8d4..., userDataDir: C:\Users\weban\AppData\Loca...}, fedcm:accounts: true, goog:chromeOptions: {debuggerAddress: localhost:52249}, networkConnectionEnabled: false, pageLoadStrategy: normal, platformName: windows, proxy: Proxy(), se:cdp: ws://localhost:52249/devtoo..., se:cdpVersion: 139.0.7258.128, setWindowRect: true, strictFileInteractability: false, timeouts: {implicit: 0, pageLoad: 300000, script: 30000}, unhandledPromptBehavior: dismiss and notify, webauthn:extension:credBlob: true, webauthn:extension:largeBlob: true, webauthn:extension:minPinLength: true, webauthn:extension:prf: true, webauthn:virtualAuthenticators: true}
Element: [[ChromeDriver: chrome on windows (c74bf41b85ca77efa95d54edf4f964dc)] -> xpath: //*[@id="root"]/div/div/div[1]/div/div/div[2]/div/div[8]/div/div/a/div/div]
Session ID: c74bf41b85ca77efa95d54edf4f964dc
at org.openqa.selenium.remote.ErrorCodec.decode(ErrorCodec.java:167)
at org.openqa.selenium.remote.codec.w3c.W3CHttpResponseCodec.decode(W3CHttpResponseCodec.java:138)
at org.openqa.selenium.remote.codec.w3c.W3CHttpResponseCodec.decode(W3CHttpResponseCodec.java:50)
at org.openqa.selenium.remote.HttpCommandExecutor.execute(HttpCommandExecutor.java:190)
at org.openqa.selenium.remote.service.DriverCommandExecutor.invokeExecute(DriverCommandExecutor.java:216)
at org.openqa.selenium.remote.service.DriverCommandExecutor.execute(DriverCommandExecutor.java:174)
at org.openqa.selenium.remote.RemoteWebDriver.execute(RemoteWebDriver.java:545)
at org.openqa.selenium.remote.RemoteWebElement.execute(RemoteWebElement.java:223)
at org.openqa.selenium.remote.RemoteWebElement.click(RemoteWebElement.java:76)
at PAGES.Config_Investment_Type.add_companies(Config_Investment_Type.java:15)
at java.base/java.util.ArrayList.forEach(ArrayList.java:1596)
... Removed 28 stack frames]]>
    </failure>
  </testcase> <!-- add_companies -->
  <testcase classname="PAGES.Add_Employee_Excel" name="AddEMP" time="3.881">
    <failure type="org.openqa.selenium.ElementClickInterceptedException" message="element click intercepted: Element &amp;lt;span class=&amp;quot;block&amp;quot;&amp;gt;...&amp;lt;/span&amp;gt; is not clickable at point (76, 207). Other element would receive the click: &amp;lt;div class=&amp;quot;ant-drawer-mask&amp;quot; style=&amp;quot;transition: opacity 0.3s ease-in-out;&amp;quot;&amp;gt;&amp;lt;/div&amp;gt;
  (Session info: chrome=139.0.7258.128)
Build info: version: &amp;apos;4.27.0&amp;apos;, revision: &amp;apos;d6e718d134&amp;apos;
System info: os.name: &amp;apos;Windows 11&amp;apos;, os.arch: &amp;apos;amd64&amp;apos;, os.version: &amp;apos;10.0&amp;apos;, java.version: &amp;apos;21.0.6&amp;apos;
Driver info: org.openqa.selenium.chrome.ChromeDriver
Command: [c74bf41b85ca77efa95d54edf4f964dc, clickElement {id=f.E58A7F2C082F23FCA24EC4A81EF8031E.d.349DFC9EE70FF4860706FA7B5BE4D72E.e.133}]
Capabilities {acceptInsecureCerts: false, browserName: chrome, browserVersion: 139.0.7258.128, chrome: {chromedriverVersion: 139.0.7258.138 (884e54ea8d4..., userDataDir: C:\Users\weban\AppData\Loca...}, fedcm:accounts: true, goog:chromeOptions: {debuggerAddress: localhost:52249}, networkConnectionEnabled: false, pageLoadStrategy: normal, platformName: windows, proxy: Proxy(), se:cdp: ws://localhost:52249/devtoo..., se:cdpVersion: 139.0.7258.128, setWindowRect: true, strictFileInteractability: false, timeouts: {implicit: 0, pageLoad: 300000, script: 30000}, unhandledPromptBehavior: dismiss and notify, webauthn:extension:credBlob: true, webauthn:extension:largeBlob: true, webauthn:extension:minPinLength: true, webauthn:extension:prf: true, webauthn:virtualAuthenticators: true}
Element: [[ChromeDriver: chrome on windows (c74bf41b85ca77efa95d54edf4f964dc)] -&amp;gt; xpath: /html/body/div[1]/div/div/div[1]/div/div/div[2]/div/div[2]/div/div/a/div/div/span]
Session ID: c74bf41b85ca77efa95d54edf4f964dc">
      <![CDATA[org.openqa.selenium.ElementClickInterceptedException: element click intercepted: Element <span class="block">...</span> is not clickable at point (76, 207). Other element would receive the click: <div class="ant-drawer-mask" style="transition: opacity 0.3s ease-in-out;"></div>
  (Session info: chrome=139.0.7258.128)
Build info: version: '4.27.0', revision: 'd6e718d134'
System info: os.name: 'Windows 11', os.arch: 'amd64', os.version: '10.0', java.version: '21.0.6'
Driver info: org.openqa.selenium.chrome.ChromeDriver
Command: [c74bf41b85ca77efa95d54edf4f964dc, clickElement {id=f.E58A7F2C082F23FCA24EC4A81EF8031E.d.349DFC9EE70FF4860706FA7B5BE4D72E.e.133}]
Capabilities {acceptInsecureCerts: false, browserName: chrome, browserVersion: 139.0.7258.128, chrome: {chromedriverVersion: 139.0.7258.138 (884e54ea8d4..., userDataDir: C:\Users\weban\AppData\Loca...}, fedcm:accounts: true, goog:chromeOptions: {debuggerAddress: localhost:52249}, networkConnectionEnabled: false, pageLoadStrategy: normal, platformName: windows, proxy: Proxy(), se:cdp: ws://localhost:52249/devtoo..., se:cdpVersion: 139.0.7258.128, setWindowRect: true, strictFileInteractability: false, timeouts: {implicit: 0, pageLoad: 300000, script: 30000}, unhandledPromptBehavior: dismiss and notify, webauthn:extension:credBlob: true, webauthn:extension:largeBlob: true, webauthn:extension:minPinLength: true, webauthn:extension:prf: true, webauthn:virtualAuthenticators: true}
Element: [[ChromeDriver: chrome on windows (c74bf41b85ca77efa95d54edf4f964dc)] -> xpath: /html/body/div[1]/div/div/div[1]/div/div/div[2]/div/div[2]/div/div/a/div/div/span]
Session ID: c74bf41b85ca77efa95d54edf4f964dc
at org.openqa.selenium.remote.ErrorCodec.decode(ErrorCodec.java:167)
at org.openqa.selenium.remote.codec.w3c.W3CHttpResponseCodec.decode(W3CHttpResponseCodec.java:138)
at org.openqa.selenium.remote.codec.w3c.W3CHttpResponseCodec.decode(W3CHttpResponseCodec.java:50)
at org.openqa.selenium.remote.HttpCommandExecutor.execute(HttpCommandExecutor.java:190)
at org.openqa.selenium.remote.service.DriverCommandExecutor.invokeExecute(DriverCommandExecutor.java:216)
at org.openqa.selenium.remote.service.DriverCommandExecutor.execute(DriverCommandExecutor.java:174)
at org.openqa.selenium.remote.RemoteWebDriver.execute(RemoteWebDriver.java:545)
at org.openqa.selenium.remote.RemoteWebElement.execute(RemoteWebElement.java:223)
at org.openqa.selenium.remote.RemoteWebElement.click(RemoteWebElement.java:76)
at PAGES.Add_Employee_Excel.AddEMP(Add_Employee_Excel.java:24)
at java.base/java.util.ArrayList.forEach(ArrayList.java:1596)
... Removed 28 stack frames]]>
    </failure>
  </testcase> <!-- AddEMP -->
  <testcase classname="PAGES.Add_Employee" name="addemp" time="1.275">
    <failure type="org.openqa.selenium.ElementClickInterceptedException" message="element click intercepted: Element &amp;lt;span class=&amp;quot;block&amp;quot;&amp;gt;...&amp;lt;/span&amp;gt; is not clickable at point (76, 207). Other element would receive the click: &amp;lt;div class=&amp;quot;ant-drawer-mask ant-drawer-mask-motion-leave ant-drawer-mask-motion-leave-active ant-drawer-mask-motion&amp;quot; style=&amp;quot;transition: opacity 0.3s ease-in-out;&amp;quot;&amp;gt;&amp;lt;/div&amp;gt;
  (Session info: chrome=139.0.7258.128)
Build info: version: &amp;apos;4.27.0&amp;apos;, revision: &amp;apos;d6e718d134&amp;apos;
System info: os.name: &amp;apos;Windows 11&amp;apos;, os.arch: &amp;apos;amd64&amp;apos;, os.version: &amp;apos;10.0&amp;apos;, java.version: &amp;apos;21.0.6&amp;apos;
Driver info: org.openqa.selenium.chrome.ChromeDriver
Command: [c74bf41b85ca77efa95d54edf4f964dc, clickElement {id=f.E58A7F2C082F23FCA24EC4A81EF8031E.d.349DFC9EE70FF4860706FA7B5BE4D72E.e.133}]
Capabilities {acceptInsecureCerts: false, browserName: chrome, browserVersion: 139.0.7258.128, chrome: {chromedriverVersion: 139.0.7258.138 (884e54ea8d4..., userDataDir: C:\Users\weban\AppData\Loca...}, fedcm:accounts: true, goog:chromeOptions: {debuggerAddress: localhost:52249}, networkConnectionEnabled: false, pageLoadStrategy: normal, platformName: windows, proxy: Proxy(), se:cdp: ws://localhost:52249/devtoo..., se:cdpVersion: 139.0.7258.128, setWindowRect: true, strictFileInteractability: false, timeouts: {implicit: 0, pageLoad: 300000, script: 30000}, unhandledPromptBehavior: dismiss and notify, webauthn:extension:credBlob: true, webauthn:extension:largeBlob: true, webauthn:extension:minPinLength: true, webauthn:extension:prf: true, webauthn:virtualAuthenticators: true}
Element: [[ChromeDriver: chrome on windows (c74bf41b85ca77efa95d54edf4f964dc)] -&amp;gt; xpath: /html/body/div[1]/div/div/div[1]/div/div/div[2]/div/div[2]/div/div/a/div/div/span]
Session ID: c74bf41b85ca77efa95d54edf4f964dc">
      <![CDATA[org.openqa.selenium.ElementClickInterceptedException: element click intercepted: Element <span class="block">...</span> is not clickable at point (76, 207). Other element would receive the click: <div class="ant-drawer-mask ant-drawer-mask-motion-leave ant-drawer-mask-motion-leave-active ant-drawer-mask-motion" style="transition: opacity 0.3s ease-in-out;"></div>
  (Session info: chrome=139.0.7258.128)
Build info: version: '4.27.0', revision: 'd6e718d134'
System info: os.name: 'Windows 11', os.arch: 'amd64', os.version: '10.0', java.version: '21.0.6'
Driver info: org.openqa.selenium.chrome.ChromeDriver
Command: [c74bf41b85ca77efa95d54edf4f964dc, clickElement {id=f.E58A7F2C082F23FCA24EC4A81EF8031E.d.349DFC9EE70FF4860706FA7B5BE4D72E.e.133}]
Capabilities {acceptInsecureCerts: false, browserName: chrome, browserVersion: 139.0.7258.128, chrome: {chromedriverVersion: 139.0.7258.138 (884e54ea8d4..., userDataDir: C:\Users\weban\AppData\Loca...}, fedcm:accounts: true, goog:chromeOptions: {debuggerAddress: localhost:52249}, networkConnectionEnabled: false, pageLoadStrategy: normal, platformName: windows, proxy: Proxy(), se:cdp: ws://localhost:52249/devtoo..., se:cdpVersion: 139.0.7258.128, setWindowRect: true, strictFileInteractability: false, timeouts: {implicit: 0, pageLoad: 300000, script: 30000}, unhandledPromptBehavior: dismiss and notify, webauthn:extension:credBlob: true, webauthn:extension:largeBlob: true, webauthn:extension:minPinLength: true, webauthn:extension:prf: true, webauthn:virtualAuthenticators: true}
Element: [[ChromeDriver: chrome on windows (c74bf41b85ca77efa95d54edf4f964dc)] -> xpath: /html/body/div[1]/div/div/div[1]/div/div/div[2]/div/div[2]/div/div/a/div/div/span]
Session ID: c74bf41b85ca77efa95d54edf4f964dc
at org.openqa.selenium.remote.ErrorCodec.decode(ErrorCodec.java:167)
at org.openqa.selenium.remote.codec.w3c.W3CHttpResponseCodec.decode(W3CHttpResponseCodec.java:138)
at org.openqa.selenium.remote.codec.w3c.W3CHttpResponseCodec.decode(W3CHttpResponseCodec.java:50)
at org.openqa.selenium.remote.HttpCommandExecutor.execute(HttpCommandExecutor.java:190)
at org.openqa.selenium.remote.service.DriverCommandExecutor.invokeExecute(DriverCommandExecutor.java:216)
at org.openqa.selenium.remote.service.DriverCommandExecutor.execute(DriverCommandExecutor.java:174)
at org.openqa.selenium.remote.RemoteWebDriver.execute(RemoteWebDriver.java:545)
at org.openqa.selenium.remote.RemoteWebElement.execute(RemoteWebElement.java:223)
at org.openqa.selenium.remote.RemoteWebElement.click(RemoteWebElement.java:76)
at PAGES.Add_Employee.addemp(Add_Employee.java:24)
at java.base/java.util.ArrayList.forEach(ArrayList.java:1596)
... Removed 28 stack frames]]>
    </failure>
  </testcase> <!-- addemp -->
  <testcase classname="PAGES.Config_Travel_Time" name="add_companies" time="7.191"/>
  <testcase classname="PAGES.ConfigurationShifts" name="add_Shifts" time="4.323"/>
  <testcase classname="PAGES.Config_Groups" name="add_configgroups" time="1.253">
    <failure type="org.openqa.selenium.ElementClickInterceptedException" message="element click intercepted: Element &amp;lt;div class=&amp;quot; flex justify-center items-center flex-col gap-[5px] w-100 h-full border-b-1 border-[var(--bs-primary)] &amp;quot; style=&amp;quot;width: 100%; text-align: center; padding-left: 0px; height: 100%;&amp;quot;&amp;gt;...&amp;lt;/div&amp;gt; is not clickable at point (76, 618). Other element would receive the click: &amp;lt;div class=&amp;quot;ant-drawer-mask&amp;quot; style=&amp;quot;transition: opacity 0.3s ease-in-out;&amp;quot;&amp;gt;&amp;lt;/div&amp;gt;
  (Session info: chrome=139.0.7258.128)
Build info: version: &amp;apos;4.27.0&amp;apos;, revision: &amp;apos;d6e718d134&amp;apos;
System info: os.name: &amp;apos;Windows 11&amp;apos;, os.arch: &amp;apos;amd64&amp;apos;, os.version: &amp;apos;10.0&amp;apos;, java.version: &amp;apos;21.0.6&amp;apos;
Driver info: org.openqa.selenium.chrome.ChromeDriver
Command: [c74bf41b85ca77efa95d54edf4f964dc, clickElement {id=f.E58A7F2C082F23FCA24EC4A81EF8031E.d.349DFC9EE70FF4860706FA7B5BE4D72E.e.131}]
Capabilities {acceptInsecureCerts: false, browserName: chrome, browserVersion: 139.0.7258.128, chrome: {chromedriverVersion: 139.0.7258.138 (884e54ea8d4..., userDataDir: C:\Users\weban\AppData\Loca...}, fedcm:accounts: true, goog:chromeOptions: {debuggerAddress: localhost:52249}, networkConnectionEnabled: false, pageLoadStrategy: normal, platformName: windows, proxy: Proxy(), se:cdp: ws://localhost:52249/devtoo..., se:cdpVersion: 139.0.7258.128, setWindowRect: true, strictFileInteractability: false, timeouts: {implicit: 0, pageLoad: 300000, script: 30000}, unhandledPromptBehavior: dismiss and notify, webauthn:extension:credBlob: true, webauthn:extension:largeBlob: true, webauthn:extension:minPinLength: true, webauthn:extension:prf: true, webauthn:virtualAuthenticators: true}
Element: [[ChromeDriver: chrome on windows (c74bf41b85ca77efa95d54edf4f964dc)] -&amp;gt; xpath: //*[@id=&amp;quot;root&amp;quot;]/div/div/div[1]/div/div/div[2]/div/div[8]/div/div/a/div/div]
Session ID: c74bf41b85ca77efa95d54edf4f964dc">
      <![CDATA[org.openqa.selenium.ElementClickInterceptedException: element click intercepted: Element <div class=" flex justify-center items-center flex-col gap-[5px] w-100 h-full border-b-1 border-[var(--bs-primary)] " style="width: 100%; text-align: center; padding-left: 0px; height: 100%;">...</div> is not clickable at point (76, 618). Other element would receive the click: <div class="ant-drawer-mask" style="transition: opacity 0.3s ease-in-out;"></div>
  (Session info: chrome=139.0.7258.128)
Build info: version: '4.27.0', revision: 'd6e718d134'
System info: os.name: 'Windows 11', os.arch: 'amd64', os.version: '10.0', java.version: '21.0.6'
Driver info: org.openqa.selenium.chrome.ChromeDriver
Command: [c74bf41b85ca77efa95d54edf4f964dc, clickElement {id=f.E58A7F2C082F23FCA24EC4A81EF8031E.d.349DFC9EE70FF4860706FA7B5BE4D72E.e.131}]
Capabilities {acceptInsecureCerts: false, browserName: chrome, browserVersion: 139.0.7258.128, chrome: {chromedriverVersion: 139.0.7258.138 (884e54ea8d4..., userDataDir: C:\Users\weban\AppData\Loca...}, fedcm:accounts: true, goog:chromeOptions: {debuggerAddress: localhost:52249}, networkConnectionEnabled: false, pageLoadStrategy: normal, platformName: windows, proxy: Proxy(), se:cdp: ws://localhost:52249/devtoo..., se:cdpVersion: 139.0.7258.128, setWindowRect: true, strictFileInteractability: false, timeouts: {implicit: 0, pageLoad: 300000, script: 30000}, unhandledPromptBehavior: dismiss and notify, webauthn:extension:credBlob: true, webauthn:extension:largeBlob: true, webauthn:extension:minPinLength: true, webauthn:extension:prf: true, webauthn:virtualAuthenticators: true}
Element: [[ChromeDriver: chrome on windows (c74bf41b85ca77efa95d54edf4f964dc)] -> xpath: //*[@id="root"]/div/div/div[1]/div/div/div[2]/div/div[8]/div/div/a/div/div]
Session ID: c74bf41b85ca77efa95d54edf4f964dc
at org.openqa.selenium.remote.ErrorCodec.decode(ErrorCodec.java:167)
at org.openqa.selenium.remote.codec.w3c.W3CHttpResponseCodec.decode(W3CHttpResponseCodec.java:138)
at org.openqa.selenium.remote.codec.w3c.W3CHttpResponseCodec.decode(W3CHttpResponseCodec.java:50)
at org.openqa.selenium.remote.HttpCommandExecutor.execute(HttpCommandExecutor.java:190)
at org.openqa.selenium.remote.service.DriverCommandExecutor.invokeExecute(DriverCommandExecutor.java:216)
at org.openqa.selenium.remote.service.DriverCommandExecutor.execute(DriverCommandExecutor.java:174)
at org.openqa.selenium.remote.RemoteWebDriver.execute(RemoteWebDriver.java:545)
at org.openqa.selenium.remote.RemoteWebElement.execute(RemoteWebElement.java:223)
at org.openqa.selenium.remote.RemoteWebElement.click(RemoteWebElement.java:76)
at PAGES.Config_Groups.add_configgroups(Config_Groups.java:16)
at java.base/java.util.ArrayList.forEach(ArrayList.java:1596)
... Removed 28 stack frames]]>
    </failure>
  </testcase> <!-- add_configgroups -->
  <testcase classname="PAGES.Add_Trainer" name="add_trainer" time="1.223">
    <failure type="org.openqa.selenium.ElementClickInterceptedException" message="element click intercepted: Element &amp;lt;div class=&amp;quot;flex justify-center items-center gap-[0px] w-100 h-full &amp;quot;&amp;gt;...&amp;lt;/div&amp;gt; is not clickable at point (76, 548). Other element would receive the click: &amp;lt;div class=&amp;quot;ant-drawer-mask&amp;quot; style=&amp;quot;transition: opacity 0.3s ease-in-out;&amp;quot;&amp;gt;&amp;lt;/div&amp;gt;
  (Session info: chrome=139.0.7258.128)
Build info: version: &amp;apos;4.27.0&amp;apos;, revision: &amp;apos;d6e718d134&amp;apos;
System info: os.name: &amp;apos;Windows 11&amp;apos;, os.arch: &amp;apos;amd64&amp;apos;, os.version: &amp;apos;10.0&amp;apos;, java.version: &amp;apos;21.0.6&amp;apos;
Driver info: org.openqa.selenium.chrome.ChromeDriver
Command: [c74bf41b85ca77efa95d54edf4f964dc, clickElement {id=f.E58A7F2C082F23FCA24EC4A81EF8031E.d.349DFC9EE70FF4860706FA7B5BE4D72E.e.132}]
Capabilities {acceptInsecureCerts: false, browserName: chrome, browserVersion: 139.0.7258.128, chrome: {chromedriverVersion: 139.0.7258.138 (884e54ea8d4..., userDataDir: C:\Users\weban\AppData\Loca...}, fedcm:accounts: true, goog:chromeOptions: {debuggerAddress: localhost:52249}, networkConnectionEnabled: false, pageLoadStrategy: normal, platformName: windows, proxy: Proxy(), se:cdp: ws://localhost:52249/devtoo..., se:cdpVersion: 139.0.7258.128, setWindowRect: true, strictFileInteractability: false, timeouts: {implicit: 0, pageLoad: 300000, script: 30000}, unhandledPromptBehavior: dismiss and notify, webauthn:extension:credBlob: true, webauthn:extension:largeBlob: true, webauthn:extension:minPinLength: true, webauthn:extension:prf: true, webauthn:virtualAuthenticators: true}
Element: [[ChromeDriver: chrome on windows (c74bf41b85ca77efa95d54edf4f964dc)] -&amp;gt; xpath: //*[@id=&amp;quot;root&amp;quot;]/div/div/div[1]/div/div/div[2]/div/div[7]/div/div/a/div]
Session ID: c74bf41b85ca77efa95d54edf4f964dc">
      <![CDATA[org.openqa.selenium.ElementClickInterceptedException: element click intercepted: Element <div class="flex justify-center items-center gap-[0px] w-100 h-full ">...</div> is not clickable at point (76, 548). Other element would receive the click: <div class="ant-drawer-mask" style="transition: opacity 0.3s ease-in-out;"></div>
  (Session info: chrome=139.0.7258.128)
Build info: version: '4.27.0', revision: 'd6e718d134'
System info: os.name: 'Windows 11', os.arch: 'amd64', os.version: '10.0', java.version: '21.0.6'
Driver info: org.openqa.selenium.chrome.ChromeDriver
Command: [c74bf41b85ca77efa95d54edf4f964dc, clickElement {id=f.E58A7F2C082F23FCA24EC4A81EF8031E.d.349DFC9EE70FF4860706FA7B5BE4D72E.e.132}]
Capabilities {acceptInsecureCerts: false, browserName: chrome, browserVersion: 139.0.7258.128, chrome: {chromedriverVersion: 139.0.7258.138 (884e54ea8d4..., userDataDir: C:\Users\weban\AppData\Loca...}, fedcm:accounts: true, goog:chromeOptions: {debuggerAddress: localhost:52249}, networkConnectionEnabled: false, pageLoadStrategy: normal, platformName: windows, proxy: Proxy(), se:cdp: ws://localhost:52249/devtoo..., se:cdpVersion: 139.0.7258.128, setWindowRect: true, strictFileInteractability: false, timeouts: {implicit: 0, pageLoad: 300000, script: 30000}, unhandledPromptBehavior: dismiss and notify, webauthn:extension:credBlob: true, webauthn:extension:largeBlob: true, webauthn:extension:minPinLength: true, webauthn:extension:prf: true, webauthn:virtualAuthenticators: true}
Element: [[ChromeDriver: chrome on windows (c74bf41b85ca77efa95d54edf4f964dc)] -> xpath: //*[@id="root"]/div/div/div[1]/div/div/div[2]/div/div[7]/div/div/a/div]
Session ID: c74bf41b85ca77efa95d54edf4f964dc
at org.openqa.selenium.remote.ErrorCodec.decode(ErrorCodec.java:167)
at org.openqa.selenium.remote.codec.w3c.W3CHttpResponseCodec.decode(W3CHttpResponseCodec.java:138)
at org.openqa.selenium.remote.codec.w3c.W3CHttpResponseCodec.decode(W3CHttpResponseCodec.java:50)
at org.openqa.selenium.remote.HttpCommandExecutor.execute(HttpCommandExecutor.java:190)
at org.openqa.selenium.remote.service.DriverCommandExecutor.invokeExecute(DriverCommandExecutor.java:216)
at org.openqa.selenium.remote.service.DriverCommandExecutor.execute(DriverCommandExecutor.java:174)
at org.openqa.selenium.remote.RemoteWebDriver.execute(RemoteWebDriver.java:545)
at org.openqa.selenium.remote.RemoteWebElement.execute(RemoteWebElement.java:223)
at org.openqa.selenium.remote.RemoteWebElement.click(RemoteWebElement.java:76)
at PAGES.Add_Trainer.add_trainer(Add_Trainer.java:13)
at java.base/java.util.ArrayList.forEach(ArrayList.java:1596)
... Removed 28 stack frames]]>
    </failure>
  </testcase> <!-- add_trainer -->
  <testcase classname="PAGES.Configuration_Companies" name="add_companies" time="1.223">
    <failure type="org.openqa.selenium.ElementClickInterceptedException" message="element click intercepted: Element &amp;lt;div class=&amp;quot; flex justify-center items-center flex-col gap-[5px] w-100 h-full border-b-1 border-[var(--bs-primary)] &amp;quot; style=&amp;quot;width: 100%; text-align: center; padding-left: 0px; height: 100%;&amp;quot;&amp;gt;...&amp;lt;/div&amp;gt; is not clickable at point (76, 618). Other element would receive the click: &amp;lt;div class=&amp;quot;ant-drawer-mask&amp;quot; style=&amp;quot;transition: opacity 0.3s ease-in-out;&amp;quot;&amp;gt;&amp;lt;/div&amp;gt;
  (Session info: chrome=139.0.7258.128)
Build info: version: &amp;apos;4.27.0&amp;apos;, revision: &amp;apos;d6e718d134&amp;apos;
System info: os.name: &amp;apos;Windows 11&amp;apos;, os.arch: &amp;apos;amd64&amp;apos;, os.version: &amp;apos;10.0&amp;apos;, java.version: &amp;apos;21.0.6&amp;apos;
Driver info: org.openqa.selenium.chrome.ChromeDriver
Command: [c74bf41b85ca77efa95d54edf4f964dc, clickElement {id=f.E58A7F2C082F23FCA24EC4A81EF8031E.d.349DFC9EE70FF4860706FA7B5BE4D72E.e.131}]
Capabilities {acceptInsecureCerts: false, browserName: chrome, browserVersion: 139.0.7258.128, chrome: {chromedriverVersion: 139.0.7258.138 (884e54ea8d4..., userDataDir: C:\Users\weban\AppData\Loca...}, fedcm:accounts: true, goog:chromeOptions: {debuggerAddress: localhost:52249}, networkConnectionEnabled: false, pageLoadStrategy: normal, platformName: windows, proxy: Proxy(), se:cdp: ws://localhost:52249/devtoo..., se:cdpVersion: 139.0.7258.128, setWindowRect: true, strictFileInteractability: false, timeouts: {implicit: 0, pageLoad: 300000, script: 30000}, unhandledPromptBehavior: dismiss and notify, webauthn:extension:credBlob: true, webauthn:extension:largeBlob: true, webauthn:extension:minPinLength: true, webauthn:extension:prf: true, webauthn:virtualAuthenticators: true}
Element: [[ChromeDriver: chrome on windows (c74bf41b85ca77efa95d54edf4f964dc)] -&amp;gt; xpath: //*[@id=&amp;quot;root&amp;quot;]/div/div/div[1]/div/div/div[2]/div/div[8]/div/div/a/div/div]
Session ID: c74bf41b85ca77efa95d54edf4f964dc">
      <![CDATA[org.openqa.selenium.ElementClickInterceptedException: element click intercepted: Element <div class=" flex justify-center items-center flex-col gap-[5px] w-100 h-full border-b-1 border-[var(--bs-primary)] " style="width: 100%; text-align: center; padding-left: 0px; height: 100%;">...</div> is not clickable at point (76, 618). Other element would receive the click: <div class="ant-drawer-mask" style="transition: opacity 0.3s ease-in-out;"></div>
  (Session info: chrome=139.0.7258.128)
Build info: version: '4.27.0', revision: 'd6e718d134'
System info: os.name: 'Windows 11', os.arch: 'amd64', os.version: '10.0', java.version: '21.0.6'
Driver info: org.openqa.selenium.chrome.ChromeDriver
Command: [c74bf41b85ca77efa95d54edf4f964dc, clickElement {id=f.E58A7F2C082F23FCA24EC4A81EF8031E.d.349DFC9EE70FF4860706FA7B5BE4D72E.e.131}]
Capabilities {acceptInsecureCerts: false, browserName: chrome, browserVersion: 139.0.7258.128, chrome: {chromedriverVersion: 139.0.7258.138 (884e54ea8d4..., userDataDir: C:\Users\weban\AppData\Loca...}, fedcm:accounts: true, goog:chromeOptions: {debuggerAddress: localhost:52249}, networkConnectionEnabled: false, pageLoadStrategy: normal, platformName: windows, proxy: Proxy(), se:cdp: ws://localhost:52249/devtoo..., se:cdpVersion: 139.0.7258.128, setWindowRect: true, strictFileInteractability: false, timeouts: {implicit: 0, pageLoad: 300000, script: 30000}, unhandledPromptBehavior: dismiss and notify, webauthn:extension:credBlob: true, webauthn:extension:largeBlob: true, webauthn:extension:minPinLength: true, webauthn:extension:prf: true, webauthn:virtualAuthenticators: true}
Element: [[ChromeDriver: chrome on windows (c74bf41b85ca77efa95d54edf4f964dc)] -> xpath: //*[@id="root"]/div/div/div[1]/div/div/div[2]/div/div[8]/div/div/a/div/div]
Session ID: c74bf41b85ca77efa95d54edf4f964dc
at org.openqa.selenium.remote.ErrorCodec.decode(ErrorCodec.java:167)
at org.openqa.selenium.remote.codec.w3c.W3CHttpResponseCodec.decode(W3CHttpResponseCodec.java:138)
at org.openqa.selenium.remote.codec.w3c.W3CHttpResponseCodec.decode(W3CHttpResponseCodec.java:50)
at org.openqa.selenium.remote.HttpCommandExecutor.execute(HttpCommandExecutor.java:190)
at org.openqa.selenium.remote.service.DriverCommandExecutor.invokeExecute(DriverCommandExecutor.java:216)
at org.openqa.selenium.remote.service.DriverCommandExecutor.execute(DriverCommandExecutor.java:174)
at org.openqa.selenium.remote.RemoteWebDriver.execute(RemoteWebDriver.java:545)
at org.openqa.selenium.remote.RemoteWebElement.execute(RemoteWebElement.java:223)
at org.openqa.selenium.remote.RemoteWebElement.click(RemoteWebElement.java:76)
at PAGES.Configuration_Companies.add_companies(Configuration_Companies.java:15)
at java.base/java.util.ArrayList.forEach(ArrayList.java:1596)
... Removed 28 stack frames]]>
    </failure>
  </testcase> <!-- add_companies -->
  <testcase classname="PAGES.Config_Employee_Type" name="add_companies" time="5.662"/>
  <testcase classname="PAGES.Add_Program" name="add_program" time="1.131">
    <failure type="org.openqa.selenium.ElementClickInterceptedException" message="element click intercepted: Element &amp;lt;div class=&amp;quot;flex justify-center items-center gap-[0px] w-100 h-full &amp;quot;&amp;gt;...&amp;lt;/div&amp;gt; is not clickable at point (76, 548). Other element would receive the click: &amp;lt;div class=&amp;quot;ant-drawer-mask&amp;quot; style=&amp;quot;transition: opacity 0.3s ease-in-out;&amp;quot;&amp;gt;&amp;lt;/div&amp;gt;
  (Session info: chrome=139.0.7258.128)
Build info: version: &amp;apos;4.27.0&amp;apos;, revision: &amp;apos;d6e718d134&amp;apos;
System info: os.name: &amp;apos;Windows 11&amp;apos;, os.arch: &amp;apos;amd64&amp;apos;, os.version: &amp;apos;10.0&amp;apos;, java.version: &amp;apos;21.0.6&amp;apos;
Driver info: org.openqa.selenium.chrome.ChromeDriver
Command: [c74bf41b85ca77efa95d54edf4f964dc, clickElement {id=f.E58A7F2C082F23FCA24EC4A81EF8031E.d.349DFC9EE70FF4860706FA7B5BE4D72E.e.132}]
Capabilities {acceptInsecureCerts: false, browserName: chrome, browserVersion: 139.0.7258.128, chrome: {chromedriverVersion: 139.0.7258.138 (884e54ea8d4..., userDataDir: C:\Users\weban\AppData\Loca...}, fedcm:accounts: true, goog:chromeOptions: {debuggerAddress: localhost:52249}, networkConnectionEnabled: false, pageLoadStrategy: normal, platformName: windows, proxy: Proxy(), se:cdp: ws://localhost:52249/devtoo..., se:cdpVersion: 139.0.7258.128, setWindowRect: true, strictFileInteractability: false, timeouts: {implicit: 0, pageLoad: 300000, script: 30000}, unhandledPromptBehavior: dismiss and notify, webauthn:extension:credBlob: true, webauthn:extension:largeBlob: true, webauthn:extension:minPinLength: true, webauthn:extension:prf: true, webauthn:virtualAuthenticators: true}
Element: [[ChromeDriver: chrome on windows (c74bf41b85ca77efa95d54edf4f964dc)] -&amp;gt; xpath: //*[@id=&amp;quot;root&amp;quot;]/div/div/div[1]/div/div/div[2]/div/div[7]/div/div/a/div]
Session ID: c74bf41b85ca77efa95d54edf4f964dc">
      <![CDATA[org.openqa.selenium.ElementClickInterceptedException: element click intercepted: Element <div class="flex justify-center items-center gap-[0px] w-100 h-full ">...</div> is not clickable at point (76, 548). Other element would receive the click: <div class="ant-drawer-mask" style="transition: opacity 0.3s ease-in-out;"></div>
  (Session info: chrome=139.0.7258.128)
Build info: version: '4.27.0', revision: 'd6e718d134'
System info: os.name: 'Windows 11', os.arch: 'amd64', os.version: '10.0', java.version: '21.0.6'
Driver info: org.openqa.selenium.chrome.ChromeDriver
Command: [c74bf41b85ca77efa95d54edf4f964dc, clickElement {id=f.E58A7F2C082F23FCA24EC4A81EF8031E.d.349DFC9EE70FF4860706FA7B5BE4D72E.e.132}]
Capabilities {acceptInsecureCerts: false, browserName: chrome, browserVersion: 139.0.7258.128, chrome: {chromedriverVersion: 139.0.7258.138 (884e54ea8d4..., userDataDir: C:\Users\weban\AppData\Loca...}, fedcm:accounts: true, goog:chromeOptions: {debuggerAddress: localhost:52249}, networkConnectionEnabled: false, pageLoadStrategy: normal, platformName: windows, proxy: Proxy(), se:cdp: ws://localhost:52249/devtoo..., se:cdpVersion: 139.0.7258.128, setWindowRect: true, strictFileInteractability: false, timeouts: {implicit: 0, pageLoad: 300000, script: 30000}, unhandledPromptBehavior: dismiss and notify, webauthn:extension:credBlob: true, webauthn:extension:largeBlob: true, webauthn:extension:minPinLength: true, webauthn:extension:prf: true, webauthn:virtualAuthenticators: true}
Element: [[ChromeDriver: chrome on windows (c74bf41b85ca77efa95d54edf4f964dc)] -> xpath: //*[@id="root"]/div/div/div[1]/div/div/div[2]/div/div[7]/div/div/a/div]
Session ID: c74bf41b85ca77efa95d54edf4f964dc
at org.openqa.selenium.remote.ErrorCodec.decode(ErrorCodec.java:167)
at org.openqa.selenium.remote.codec.w3c.W3CHttpResponseCodec.decode(W3CHttpResponseCodec.java:138)
at org.openqa.selenium.remote.codec.w3c.W3CHttpResponseCodec.decode(W3CHttpResponseCodec.java:50)
at org.openqa.selenium.remote.HttpCommandExecutor.execute(HttpCommandExecutor.java:190)
at org.openqa.selenium.remote.service.DriverCommandExecutor.invokeExecute(DriverCommandExecutor.java:216)
at org.openqa.selenium.remote.service.DriverCommandExecutor.execute(DriverCommandExecutor.java:174)
at org.openqa.selenium.remote.RemoteWebDriver.execute(RemoteWebDriver.java:545)
at org.openqa.selenium.remote.RemoteWebElement.execute(RemoteWebElement.java:223)
at org.openqa.selenium.remote.RemoteWebElement.click(RemoteWebElement.java:76)
at PAGES.Add_Program.add_program(Add_Program.java:18)
at java.base/java.util.ArrayList.forEach(ArrayList.java:1596)
... Removed 28 stack frames]]>
    </failure>
  </testcase> <!-- add_program -->
  <testcase classname="PAGES.ConfigStatutory" name="add_companies" time="1.269">
    <failure type="org.openqa.selenium.ElementClickInterceptedException" message="element click intercepted: Element &amp;lt;div class=&amp;quot; flex justify-center items-center flex-col gap-[5px] w-100 h-full border-b-1 border-[var(--bs-primary)] &amp;quot; style=&amp;quot;width: 100%; text-align: center; padding-left: 0px; height: 100%;&amp;quot;&amp;gt;...&amp;lt;/div&amp;gt; is not clickable at point (76, 618). Other element would receive the click: &amp;lt;div class=&amp;quot;ant-drawer-mask&amp;quot; style=&amp;quot;transition: opacity 0.3s ease-in-out;&amp;quot;&amp;gt;&amp;lt;/div&amp;gt;
  (Session info: chrome=139.0.7258.128)
Build info: version: &amp;apos;4.27.0&amp;apos;, revision: &amp;apos;d6e718d134&amp;apos;
System info: os.name: &amp;apos;Windows 11&amp;apos;, os.arch: &amp;apos;amd64&amp;apos;, os.version: &amp;apos;10.0&amp;apos;, java.version: &amp;apos;21.0.6&amp;apos;
Driver info: org.openqa.selenium.chrome.ChromeDriver
Command: [c74bf41b85ca77efa95d54edf4f964dc, clickElement {id=f.E58A7F2C082F23FCA24EC4A81EF8031E.d.349DFC9EE70FF4860706FA7B5BE4D72E.e.131}]
Capabilities {acceptInsecureCerts: false, browserName: chrome, browserVersion: 139.0.7258.128, chrome: {chromedriverVersion: 139.0.7258.138 (884e54ea8d4..., userDataDir: C:\Users\weban\AppData\Loca...}, fedcm:accounts: true, goog:chromeOptions: {debuggerAddress: localhost:52249}, networkConnectionEnabled: false, pageLoadStrategy: normal, platformName: windows, proxy: Proxy(), se:cdp: ws://localhost:52249/devtoo..., se:cdpVersion: 139.0.7258.128, setWindowRect: true, strictFileInteractability: false, timeouts: {implicit: 0, pageLoad: 300000, script: 30000}, unhandledPromptBehavior: dismiss and notify, webauthn:extension:credBlob: true, webauthn:extension:largeBlob: true, webauthn:extension:minPinLength: true, webauthn:extension:prf: true, webauthn:virtualAuthenticators: true}
Element: [[ChromeDriver: chrome on windows (c74bf41b85ca77efa95d54edf4f964dc)] -&amp;gt; xpath: //*[@id=&amp;quot;root&amp;quot;]/div/div/div[1]/div/div/div[2]/div/div[8]/div/div/a/div/div]
Session ID: c74bf41b85ca77efa95d54edf4f964dc">
      <![CDATA[org.openqa.selenium.ElementClickInterceptedException: element click intercepted: Element <div class=" flex justify-center items-center flex-col gap-[5px] w-100 h-full border-b-1 border-[var(--bs-primary)] " style="width: 100%; text-align: center; padding-left: 0px; height: 100%;">...</div> is not clickable at point (76, 618). Other element would receive the click: <div class="ant-drawer-mask" style="transition: opacity 0.3s ease-in-out;"></div>
  (Session info: chrome=139.0.7258.128)
Build info: version: '4.27.0', revision: 'd6e718d134'
System info: os.name: 'Windows 11', os.arch: 'amd64', os.version: '10.0', java.version: '21.0.6'
Driver info: org.openqa.selenium.chrome.ChromeDriver
Command: [c74bf41b85ca77efa95d54edf4f964dc, clickElement {id=f.E58A7F2C082F23FCA24EC4A81EF8031E.d.349DFC9EE70FF4860706FA7B5BE4D72E.e.131}]
Capabilities {acceptInsecureCerts: false, browserName: chrome, browserVersion: 139.0.7258.128, chrome: {chromedriverVersion: 139.0.7258.138 (884e54ea8d4..., userDataDir: C:\Users\weban\AppData\Loca...}, fedcm:accounts: true, goog:chromeOptions: {debuggerAddress: localhost:52249}, networkConnectionEnabled: false, pageLoadStrategy: normal, platformName: windows, proxy: Proxy(), se:cdp: ws://localhost:52249/devtoo..., se:cdpVersion: 139.0.7258.128, setWindowRect: true, strictFileInteractability: false, timeouts: {implicit: 0, pageLoad: 300000, script: 30000}, unhandledPromptBehavior: dismiss and notify, webauthn:extension:credBlob: true, webauthn:extension:largeBlob: true, webauthn:extension:minPinLength: true, webauthn:extension:prf: true, webauthn:virtualAuthenticators: true}
Element: [[ChromeDriver: chrome on windows (c74bf41b85ca77efa95d54edf4f964dc)] -> xpath: //*[@id="root"]/div/div/div[1]/div/div/div[2]/div/div[8]/div/div/a/div/div]
Session ID: c74bf41b85ca77efa95d54edf4f964dc
at org.openqa.selenium.remote.ErrorCodec.decode(ErrorCodec.java:167)
at org.openqa.selenium.remote.codec.w3c.W3CHttpResponseCodec.decode(W3CHttpResponseCodec.java:138)
at org.openqa.selenium.remote.codec.w3c.W3CHttpResponseCodec.decode(W3CHttpResponseCodec.java:50)
at org.openqa.selenium.remote.HttpCommandExecutor.execute(HttpCommandExecutor.java:190)
at org.openqa.selenium.remote.service.DriverCommandExecutor.invokeExecute(DriverCommandExecutor.java:216)
at org.openqa.selenium.remote.service.DriverCommandExecutor.execute(DriverCommandExecutor.java:174)
at org.openqa.selenium.remote.RemoteWebDriver.execute(RemoteWebDriver.java:545)
at org.openqa.selenium.remote.RemoteWebElement.execute(RemoteWebElement.java:223)
at org.openqa.selenium.remote.RemoteWebElement.click(RemoteWebElement.java:76)
at PAGES.ConfigStatutory.add_companies(ConfigStatutory.java:15)
at java.base/java.util.ArrayList.forEach(ArrayList.java:1596)
... Removed 28 stack frames]]>
    </failure>
  </testcase> <!-- add_companies -->
  <testcase classname="PAGES.ConfigPolicies" name="add_companies" time="1.129">
    <failure type="org.openqa.selenium.ElementClickInterceptedException" message="element click intercepted: Element &amp;lt;div class=&amp;quot; flex justify-center items-center flex-col gap-[5px] w-100 h-full border-b-1 border-[var(--bs-primary)] &amp;quot; style=&amp;quot;width: 100%; text-align: center; padding-left: 0px; height: 100%;&amp;quot;&amp;gt;...&amp;lt;/div&amp;gt; is not clickable at point (76, 618). Other element would receive the click: &amp;lt;div class=&amp;quot;ant-drawer-mask&amp;quot; style=&amp;quot;transition: opacity 0.3s ease-in-out;&amp;quot;&amp;gt;&amp;lt;/div&amp;gt;
  (Session info: chrome=139.0.7258.128)
Build info: version: &amp;apos;4.27.0&amp;apos;, revision: &amp;apos;d6e718d134&amp;apos;
System info: os.name: &amp;apos;Windows 11&amp;apos;, os.arch: &amp;apos;amd64&amp;apos;, os.version: &amp;apos;10.0&amp;apos;, java.version: &amp;apos;21.0.6&amp;apos;
Driver info: org.openqa.selenium.chrome.ChromeDriver
Command: [c74bf41b85ca77efa95d54edf4f964dc, clickElement {id=f.E58A7F2C082F23FCA24EC4A81EF8031E.d.349DFC9EE70FF4860706FA7B5BE4D72E.e.131}]
Capabilities {acceptInsecureCerts: false, browserName: chrome, browserVersion: 139.0.7258.128, chrome: {chromedriverVersion: 139.0.7258.138 (884e54ea8d4..., userDataDir: C:\Users\weban\AppData\Loca...}, fedcm:accounts: true, goog:chromeOptions: {debuggerAddress: localhost:52249}, networkConnectionEnabled: false, pageLoadStrategy: normal, platformName: windows, proxy: Proxy(), se:cdp: ws://localhost:52249/devtoo..., se:cdpVersion: 139.0.7258.128, setWindowRect: true, strictFileInteractability: false, timeouts: {implicit: 0, pageLoad: 300000, script: 30000}, unhandledPromptBehavior: dismiss and notify, webauthn:extension:credBlob: true, webauthn:extension:largeBlob: true, webauthn:extension:minPinLength: true, webauthn:extension:prf: true, webauthn:virtualAuthenticators: true}
Element: [[ChromeDriver: chrome on windows (c74bf41b85ca77efa95d54edf4f964dc)] -&amp;gt; xpath: //*[@id=&amp;quot;root&amp;quot;]/div/div/div[1]/div/div/div[2]/div/div[8]/div/div/a/div/div]
Session ID: c74bf41b85ca77efa95d54edf4f964dc">
      <![CDATA[org.openqa.selenium.ElementClickInterceptedException: element click intercepted: Element <div class=" flex justify-center items-center flex-col gap-[5px] w-100 h-full border-b-1 border-[var(--bs-primary)] " style="width: 100%; text-align: center; padding-left: 0px; height: 100%;">...</div> is not clickable at point (76, 618). Other element would receive the click: <div class="ant-drawer-mask" style="transition: opacity 0.3s ease-in-out;"></div>
  (Session info: chrome=139.0.7258.128)
Build info: version: '4.27.0', revision: 'd6e718d134'
System info: os.name: 'Windows 11', os.arch: 'amd64', os.version: '10.0', java.version: '21.0.6'
Driver info: org.openqa.selenium.chrome.ChromeDriver
Command: [c74bf41b85ca77efa95d54edf4f964dc, clickElement {id=f.E58A7F2C082F23FCA24EC4A81EF8031E.d.349DFC9EE70FF4860706FA7B5BE4D72E.e.131}]
Capabilities {acceptInsecureCerts: false, browserName: chrome, browserVersion: 139.0.7258.128, chrome: {chromedriverVersion: 139.0.7258.138 (884e54ea8d4..., userDataDir: C:\Users\weban\AppData\Loca...}, fedcm:accounts: true, goog:chromeOptions: {debuggerAddress: localhost:52249}, networkConnectionEnabled: false, pageLoadStrategy: normal, platformName: windows, proxy: Proxy(), se:cdp: ws://localhost:52249/devtoo..., se:cdpVersion: 139.0.7258.128, setWindowRect: true, strictFileInteractability: false, timeouts: {implicit: 0, pageLoad: 300000, script: 30000}, unhandledPromptBehavior: dismiss and notify, webauthn:extension:credBlob: true, webauthn:extension:largeBlob: true, webauthn:extension:minPinLength: true, webauthn:extension:prf: true, webauthn:virtualAuthenticators: true}
Element: [[ChromeDriver: chrome on windows (c74bf41b85ca77efa95d54edf4f964dc)] -> xpath: //*[@id="root"]/div/div/div[1]/div/div/div[2]/div/div[8]/div/div/a/div/div]
Session ID: c74bf41b85ca77efa95d54edf4f964dc
at org.openqa.selenium.remote.ErrorCodec.decode(ErrorCodec.java:167)
at org.openqa.selenium.remote.codec.w3c.W3CHttpResponseCodec.decode(W3CHttpResponseCodec.java:138)
at org.openqa.selenium.remote.codec.w3c.W3CHttpResponseCodec.decode(W3CHttpResponseCodec.java:50)
at org.openqa.selenium.remote.HttpCommandExecutor.execute(HttpCommandExecutor.java:190)
at org.openqa.selenium.remote.service.DriverCommandExecutor.invokeExecute(DriverCommandExecutor.java:216)
at org.openqa.selenium.remote.service.DriverCommandExecutor.execute(DriverCommandExecutor.java:174)
at org.openqa.selenium.remote.RemoteWebDriver.execute(RemoteWebDriver.java:545)
at org.openqa.selenium.remote.RemoteWebElement.execute(RemoteWebElement.java:223)
at org.openqa.selenium.remote.RemoteWebElement.click(RemoteWebElement.java:76)
at PAGES.ConfigPolicies.add_companies(ConfigPolicies.java:15)
at java.base/java.util.ArrayList.forEach(ArrayList.java:1596)
... Removed 28 stack frames]]>
    </failure>
  </testcase> <!-- add_companies -->
  <testcase classname="PAGES.Config_Designations" name="add_Designations" time="1.279">
    <failure type="org.openqa.selenium.ElementClickInterceptedException" message="element click intercepted: Element &amp;lt;div class=&amp;quot; flex justify-center items-center flex-col gap-[5px] w-100 h-full border-b-1 border-[var(--bs-primary)] &amp;quot; style=&amp;quot;width: 100%; text-align: center; padding-left: 0px; height: 100%;&amp;quot;&amp;gt;...&amp;lt;/div&amp;gt; is not clickable at point (76, 618). Other element would receive the click: &amp;lt;div class=&amp;quot;ant-drawer-mask&amp;quot; style=&amp;quot;transition: opacity 0.3s ease-in-out;&amp;quot;&amp;gt;&amp;lt;/div&amp;gt;
  (Session info: chrome=139.0.7258.128)
Build info: version: &amp;apos;4.27.0&amp;apos;, revision: &amp;apos;d6e718d134&amp;apos;
System info: os.name: &amp;apos;Windows 11&amp;apos;, os.arch: &amp;apos;amd64&amp;apos;, os.version: &amp;apos;10.0&amp;apos;, java.version: &amp;apos;21.0.6&amp;apos;
Driver info: org.openqa.selenium.chrome.ChromeDriver
Command: [c74bf41b85ca77efa95d54edf4f964dc, clickElement {id=f.E58A7F2C082F23FCA24EC4A81EF8031E.d.349DFC9EE70FF4860706FA7B5BE4D72E.e.131}]
Capabilities {acceptInsecureCerts: false, browserName: chrome, browserVersion: 139.0.7258.128, chrome: {chromedriverVersion: 139.0.7258.138 (884e54ea8d4..., userDataDir: C:\Users\weban\AppData\Loca...}, fedcm:accounts: true, goog:chromeOptions: {debuggerAddress: localhost:52249}, networkConnectionEnabled: false, pageLoadStrategy: normal, platformName: windows, proxy: Proxy(), se:cdp: ws://localhost:52249/devtoo..., se:cdpVersion: 139.0.7258.128, setWindowRect: true, strictFileInteractability: false, timeouts: {implicit: 0, pageLoad: 300000, script: 30000}, unhandledPromptBehavior: dismiss and notify, webauthn:extension:credBlob: true, webauthn:extension:largeBlob: true, webauthn:extension:minPinLength: true, webauthn:extension:prf: true, webauthn:virtualAuthenticators: true}
Element: [[ChromeDriver: chrome on windows (c74bf41b85ca77efa95d54edf4f964dc)] -&amp;gt; xpath: //*[@id=&amp;quot;root&amp;quot;]/div/div/div[1]/div/div/div[2]/div/div[8]/div/div/a/div/div]
Session ID: c74bf41b85ca77efa95d54edf4f964dc">
      <![CDATA[org.openqa.selenium.ElementClickInterceptedException: element click intercepted: Element <div class=" flex justify-center items-center flex-col gap-[5px] w-100 h-full border-b-1 border-[var(--bs-primary)] " style="width: 100%; text-align: center; padding-left: 0px; height: 100%;">...</div> is not clickable at point (76, 618). Other element would receive the click: <div class="ant-drawer-mask" style="transition: opacity 0.3s ease-in-out;"></div>
  (Session info: chrome=139.0.7258.128)
Build info: version: '4.27.0', revision: 'd6e718d134'
System info: os.name: 'Windows 11', os.arch: 'amd64', os.version: '10.0', java.version: '21.0.6'
Driver info: org.openqa.selenium.chrome.ChromeDriver
Command: [c74bf41b85ca77efa95d54edf4f964dc, clickElement {id=f.E58A7F2C082F23FCA24EC4A81EF8031E.d.349DFC9EE70FF4860706FA7B5BE4D72E.e.131}]
Capabilities {acceptInsecureCerts: false, browserName: chrome, browserVersion: 139.0.7258.128, chrome: {chromedriverVersion: 139.0.7258.138 (884e54ea8d4..., userDataDir: C:\Users\weban\AppData\Loca...}, fedcm:accounts: true, goog:chromeOptions: {debuggerAddress: localhost:52249}, networkConnectionEnabled: false, pageLoadStrategy: normal, platformName: windows, proxy: Proxy(), se:cdp: ws://localhost:52249/devtoo..., se:cdpVersion: 139.0.7258.128, setWindowRect: true, strictFileInteractability: false, timeouts: {implicit: 0, pageLoad: 300000, script: 30000}, unhandledPromptBehavior: dismiss and notify, webauthn:extension:credBlob: true, webauthn:extension:largeBlob: true, webauthn:extension:minPinLength: true, webauthn:extension:prf: true, webauthn:virtualAuthenticators: true}
Element: [[ChromeDriver: chrome on windows (c74bf41b85ca77efa95d54edf4f964dc)] -> xpath: //*[@id="root"]/div/div/div[1]/div/div/div[2]/div/div[8]/div/div/a/div/div]
Session ID: c74bf41b85ca77efa95d54edf4f964dc
at org.openqa.selenium.remote.ErrorCodec.decode(ErrorCodec.java:167)
at org.openqa.selenium.remote.codec.w3c.W3CHttpResponseCodec.decode(W3CHttpResponseCodec.java:138)
at org.openqa.selenium.remote.codec.w3c.W3CHttpResponseCodec.decode(W3CHttpResponseCodec.java:50)
at org.openqa.selenium.remote.HttpCommandExecutor.execute(HttpCommandExecutor.java:190)
at org.openqa.selenium.remote.service.DriverCommandExecutor.invokeExecute(DriverCommandExecutor.java:216)
at org.openqa.selenium.remote.service.DriverCommandExecutor.execute(DriverCommandExecutor.java:174)
at org.openqa.selenium.remote.RemoteWebDriver.execute(RemoteWebDriver.java:545)
at org.openqa.selenium.remote.RemoteWebElement.execute(RemoteWebElement.java:223)
at org.openqa.selenium.remote.RemoteWebElement.click(RemoteWebElement.java:76)
at PAGES.Config_Designations.add_Designations(Config_Designations.java:17)
at java.base/java.util.ArrayList.forEach(ArrayList.java:1596)
... Removed 28 stack frames]]>
    </failure>
  </testcase> <!-- add_Designations -->
  <testcase classname="PAGES.Configuration_Departments" name="add_Departments" time="1.166">
    <failure type="org.openqa.selenium.ElementClickInterceptedException" message="element click intercepted: Element &amp;lt;div class=&amp;quot; flex justify-center items-center flex-col gap-[5px] w-100 h-full border-b-1 border-[var(--bs-primary)] &amp;quot; style=&amp;quot;width: 100%; text-align: center; padding-left: 0px; height: 100%;&amp;quot;&amp;gt;...&amp;lt;/div&amp;gt; is not clickable at point (76, 618). Other element would receive the click: &amp;lt;div class=&amp;quot;ant-drawer-mask&amp;quot; style=&amp;quot;transition: opacity 0.3s ease-in-out;&amp;quot;&amp;gt;&amp;lt;/div&amp;gt;
  (Session info: chrome=139.0.7258.128)
Build info: version: &amp;apos;4.27.0&amp;apos;, revision: &amp;apos;d6e718d134&amp;apos;
System info: os.name: &amp;apos;Windows 11&amp;apos;, os.arch: &amp;apos;amd64&amp;apos;, os.version: &amp;apos;10.0&amp;apos;, java.version: &amp;apos;21.0.6&amp;apos;
Driver info: org.openqa.selenium.chrome.ChromeDriver
Command: [c74bf41b85ca77efa95d54edf4f964dc, clickElement {id=f.E58A7F2C082F23FCA24EC4A81EF8031E.d.349DFC9EE70FF4860706FA7B5BE4D72E.e.131}]
Capabilities {acceptInsecureCerts: false, browserName: chrome, browserVersion: 139.0.7258.128, chrome: {chromedriverVersion: 139.0.7258.138 (884e54ea8d4..., userDataDir: C:\Users\weban\AppData\Loca...}, fedcm:accounts: true, goog:chromeOptions: {debuggerAddress: localhost:52249}, networkConnectionEnabled: false, pageLoadStrategy: normal, platformName: windows, proxy: Proxy(), se:cdp: ws://localhost:52249/devtoo..., se:cdpVersion: 139.0.7258.128, setWindowRect: true, strictFileInteractability: false, timeouts: {implicit: 0, pageLoad: 300000, script: 30000}, unhandledPromptBehavior: dismiss and notify, webauthn:extension:credBlob: true, webauthn:extension:largeBlob: true, webauthn:extension:minPinLength: true, webauthn:extension:prf: true, webauthn:virtualAuthenticators: true}
Element: [[ChromeDriver: chrome on windows (c74bf41b85ca77efa95d54edf4f964dc)] -&amp;gt; xpath: //*[@id=&amp;quot;root&amp;quot;]/div/div/div[1]/div/div/div[2]/div/div[8]/div/div/a/div/div]
Session ID: c74bf41b85ca77efa95d54edf4f964dc">
      <![CDATA[org.openqa.selenium.ElementClickInterceptedException: element click intercepted: Element <div class=" flex justify-center items-center flex-col gap-[5px] w-100 h-full border-b-1 border-[var(--bs-primary)] " style="width: 100%; text-align: center; padding-left: 0px; height: 100%;">...</div> is not clickable at point (76, 618). Other element would receive the click: <div class="ant-drawer-mask" style="transition: opacity 0.3s ease-in-out;"></div>
  (Session info: chrome=139.0.7258.128)
Build info: version: '4.27.0', revision: 'd6e718d134'
System info: os.name: 'Windows 11', os.arch: 'amd64', os.version: '10.0', java.version: '21.0.6'
Driver info: org.openqa.selenium.chrome.ChromeDriver
Command: [c74bf41b85ca77efa95d54edf4f964dc, clickElement {id=f.E58A7F2C082F23FCA24EC4A81EF8031E.d.349DFC9EE70FF4860706FA7B5BE4D72E.e.131}]
Capabilities {acceptInsecureCerts: false, browserName: chrome, browserVersion: 139.0.7258.128, chrome: {chromedriverVersion: 139.0.7258.138 (884e54ea8d4..., userDataDir: C:\Users\weban\AppData\Loca...}, fedcm:accounts: true, goog:chromeOptions: {debuggerAddress: localhost:52249}, networkConnectionEnabled: false, pageLoadStrategy: normal, platformName: windows, proxy: Proxy(), se:cdp: ws://localhost:52249/devtoo..., se:cdpVersion: 139.0.7258.128, setWindowRect: true, strictFileInteractability: false, timeouts: {implicit: 0, pageLoad: 300000, script: 30000}, unhandledPromptBehavior: dismiss and notify, webauthn:extension:credBlob: true, webauthn:extension:largeBlob: true, webauthn:extension:minPinLength: true, webauthn:extension:prf: true, webauthn:virtualAuthenticators: true}
Element: [[ChromeDriver: chrome on windows (c74bf41b85ca77efa95d54edf4f964dc)] -> xpath: //*[@id="root"]/div/div/div[1]/div/div/div[2]/div/div[8]/div/div/a/div/div]
Session ID: c74bf41b85ca77efa95d54edf4f964dc
at org.openqa.selenium.remote.ErrorCodec.decode(ErrorCodec.java:167)
at org.openqa.selenium.remote.codec.w3c.W3CHttpResponseCodec.decode(W3CHttpResponseCodec.java:138)
at org.openqa.selenium.remote.codec.w3c.W3CHttpResponseCodec.decode(W3CHttpResponseCodec.java:50)
at org.openqa.selenium.remote.HttpCommandExecutor.execute(HttpCommandExecutor.java:190)
at org.openqa.selenium.remote.service.DriverCommandExecutor.invokeExecute(DriverCommandExecutor.java:216)
at org.openqa.selenium.remote.service.DriverCommandExecutor.execute(DriverCommandExecutor.java:174)
at org.openqa.selenium.remote.RemoteWebDriver.execute(RemoteWebDriver.java:545)
at org.openqa.selenium.remote.RemoteWebElement.execute(RemoteWebElement.java:223)
at org.openqa.selenium.remote.RemoteWebElement.click(RemoteWebElement.java:76)
at PAGES.Configuration_Departments.add_Departments(Configuration_Departments.java:15)
at java.base/java.util.ArrayList.forEach(ArrayList.java:1596)
... Removed 28 stack frames]]>
    </failure>
  </testcase> <!-- add_Departments -->
  <testcase classname="PAGES.ConfigurrationHolidays" name="add_Holidays" time="1.309">
    <failure type="org.openqa.selenium.ElementClickInterceptedException" message="element click intercepted: Element &amp;lt;div class=&amp;quot; flex justify-center items-center flex-col gap-[5px] w-100 h-full border-b-1 border-[var(--bs-primary)] &amp;quot; style=&amp;quot;width: 100%; text-align: center; padding-left: 0px; height: 100%;&amp;quot;&amp;gt;...&amp;lt;/div&amp;gt; is not clickable at point (76, 618). Other element would receive the click: &amp;lt;div class=&amp;quot;ant-drawer-mask&amp;quot; style=&amp;quot;transition: opacity 0.3s ease-in-out;&amp;quot;&amp;gt;&amp;lt;/div&amp;gt;
  (Session info: chrome=139.0.7258.128)
Build info: version: &amp;apos;4.27.0&amp;apos;, revision: &amp;apos;d6e718d134&amp;apos;
System info: os.name: &amp;apos;Windows 11&amp;apos;, os.arch: &amp;apos;amd64&amp;apos;, os.version: &amp;apos;10.0&amp;apos;, java.version: &amp;apos;21.0.6&amp;apos;
Driver info: org.openqa.selenium.chrome.ChromeDriver
Command: [c74bf41b85ca77efa95d54edf4f964dc, clickElement {id=f.E58A7F2C082F23FCA24EC4A81EF8031E.d.349DFC9EE70FF4860706FA7B5BE4D72E.e.131}]
Capabilities {acceptInsecureCerts: false, browserName: chrome, browserVersion: 139.0.7258.128, chrome: {chromedriverVersion: 139.0.7258.138 (884e54ea8d4..., userDataDir: C:\Users\weban\AppData\Loca...}, fedcm:accounts: true, goog:chromeOptions: {debuggerAddress: localhost:52249}, networkConnectionEnabled: false, pageLoadStrategy: normal, platformName: windows, proxy: Proxy(), se:cdp: ws://localhost:52249/devtoo..., se:cdpVersion: 139.0.7258.128, setWindowRect: true, strictFileInteractability: false, timeouts: {implicit: 0, pageLoad: 300000, script: 30000}, unhandledPromptBehavior: dismiss and notify, webauthn:extension:credBlob: true, webauthn:extension:largeBlob: true, webauthn:extension:minPinLength: true, webauthn:extension:prf: true, webauthn:virtualAuthenticators: true}
Element: [[ChromeDriver: chrome on windows (c74bf41b85ca77efa95d54edf4f964dc)] -&amp;gt; xpath: //*[@id=&amp;quot;root&amp;quot;]/div/div/div[1]/div/div/div[2]/div/div[8]/div/div/a/div/div]
Session ID: c74bf41b85ca77efa95d54edf4f964dc">
      <![CDATA[org.openqa.selenium.ElementClickInterceptedException: element click intercepted: Element <div class=" flex justify-center items-center flex-col gap-[5px] w-100 h-full border-b-1 border-[var(--bs-primary)] " style="width: 100%; text-align: center; padding-left: 0px; height: 100%;">...</div> is not clickable at point (76, 618). Other element would receive the click: <div class="ant-drawer-mask" style="transition: opacity 0.3s ease-in-out;"></div>
  (Session info: chrome=139.0.7258.128)
Build info: version: '4.27.0', revision: 'd6e718d134'
System info: os.name: 'Windows 11', os.arch: 'amd64', os.version: '10.0', java.version: '21.0.6'
Driver info: org.openqa.selenium.chrome.ChromeDriver
Command: [c74bf41b85ca77efa95d54edf4f964dc, clickElement {id=f.E58A7F2C082F23FCA24EC4A81EF8031E.d.349DFC9EE70FF4860706FA7B5BE4D72E.e.131}]
Capabilities {acceptInsecureCerts: false, browserName: chrome, browserVersion: 139.0.7258.128, chrome: {chromedriverVersion: 139.0.7258.138 (884e54ea8d4..., userDataDir: C:\Users\weban\AppData\Loca...}, fedcm:accounts: true, goog:chromeOptions: {debuggerAddress: localhost:52249}, networkConnectionEnabled: false, pageLoadStrategy: normal, platformName: windows, proxy: Proxy(), se:cdp: ws://localhost:52249/devtoo..., se:cdpVersion: 139.0.7258.128, setWindowRect: true, strictFileInteractability: false, timeouts: {implicit: 0, pageLoad: 300000, script: 30000}, unhandledPromptBehavior: dismiss and notify, webauthn:extension:credBlob: true, webauthn:extension:largeBlob: true, webauthn:extension:minPinLength: true, webauthn:extension:prf: true, webauthn:virtualAuthenticators: true}
Element: [[ChromeDriver: chrome on windows (c74bf41b85ca77efa95d54edf4f964dc)] -> xpath: //*[@id="root"]/div/div/div[1]/div/div/div[2]/div/div[8]/div/div/a/div/div]
Session ID: c74bf41b85ca77efa95d54edf4f964dc
at org.openqa.selenium.remote.ErrorCodec.decode(ErrorCodec.java:167)
at org.openqa.selenium.remote.codec.w3c.W3CHttpResponseCodec.decode(W3CHttpResponseCodec.java:138)
at org.openqa.selenium.remote.codec.w3c.W3CHttpResponseCodec.decode(W3CHttpResponseCodec.java:50)
at org.openqa.selenium.remote.HttpCommandExecutor.execute(HttpCommandExecutor.java:190)
at org.openqa.selenium.remote.service.DriverCommandExecutor.invokeExecute(DriverCommandExecutor.java:216)
at org.openqa.selenium.remote.service.DriverCommandExecutor.execute(DriverCommandExecutor.java:174)
at org.openqa.selenium.remote.RemoteWebDriver.execute(RemoteWebDriver.java:545)
at org.openqa.selenium.remote.RemoteWebElement.execute(RemoteWebElement.java:223)
at org.openqa.selenium.remote.RemoteWebElement.click(RemoteWebElement.java:76)
at PAGES.ConfigurrationHolidays.add_Holidays(ConfigurrationHolidays.java:15)
at java.base/java.util.ArrayList.forEach(ArrayList.java:1596)
... Removed 28 stack frames]]>
    </failure>
  </testcase> <!-- add_Holidays -->
  <testcase classname="PAGES.Config_Params" name="add_configparams" time="1.316">
    <failure type="org.openqa.selenium.ElementClickInterceptedException" message="element click intercepted: Element &amp;lt;div class=&amp;quot; flex justify-center items-center flex-col gap-[5px] w-100 h-full border-b-1 border-[var(--bs-primary)] &amp;quot; style=&amp;quot;width: 100%; text-align: center; padding-left: 0px; height: 100%;&amp;quot;&amp;gt;...&amp;lt;/div&amp;gt; is not clickable at point (76, 618). Other element would receive the click: &amp;lt;div class=&amp;quot;ant-drawer-mask&amp;quot; style=&amp;quot;transition: opacity 0.3s ease-in-out;&amp;quot;&amp;gt;&amp;lt;/div&amp;gt;
  (Session info: chrome=139.0.7258.128)
Build info: version: &amp;apos;4.27.0&amp;apos;, revision: &amp;apos;d6e718d134&amp;apos;
System info: os.name: &amp;apos;Windows 11&amp;apos;, os.arch: &amp;apos;amd64&amp;apos;, os.version: &amp;apos;10.0&amp;apos;, java.version: &amp;apos;21.0.6&amp;apos;
Driver info: org.openqa.selenium.chrome.ChromeDriver
Command: [c74bf41b85ca77efa95d54edf4f964dc, clickElement {id=f.E58A7F2C082F23FCA24EC4A81EF8031E.d.349DFC9EE70FF4860706FA7B5BE4D72E.e.131}]
Capabilities {acceptInsecureCerts: false, browserName: chrome, browserVersion: 139.0.7258.128, chrome: {chromedriverVersion: 139.0.7258.138 (884e54ea8d4..., userDataDir: C:\Users\weban\AppData\Loca...}, fedcm:accounts: true, goog:chromeOptions: {debuggerAddress: localhost:52249}, networkConnectionEnabled: false, pageLoadStrategy: normal, platformName: windows, proxy: Proxy(), se:cdp: ws://localhost:52249/devtoo..., se:cdpVersion: 139.0.7258.128, setWindowRect: true, strictFileInteractability: false, timeouts: {implicit: 0, pageLoad: 300000, script: 30000}, unhandledPromptBehavior: dismiss and notify, webauthn:extension:credBlob: true, webauthn:extension:largeBlob: true, webauthn:extension:minPinLength: true, webauthn:extension:prf: true, webauthn:virtualAuthenticators: true}
Element: [[ChromeDriver: chrome on windows (c74bf41b85ca77efa95d54edf4f964dc)] -&amp;gt; xpath: //*[@id=&amp;quot;root&amp;quot;]/div/div/div[1]/div/div/div[2]/div/div[8]/div/div/a/div/div]
Session ID: c74bf41b85ca77efa95d54edf4f964dc">
      <![CDATA[org.openqa.selenium.ElementClickInterceptedException: element click intercepted: Element <div class=" flex justify-center items-center flex-col gap-[5px] w-100 h-full border-b-1 border-[var(--bs-primary)] " style="width: 100%; text-align: center; padding-left: 0px; height: 100%;">...</div> is not clickable at point (76, 618). Other element would receive the click: <div class="ant-drawer-mask" style="transition: opacity 0.3s ease-in-out;"></div>
  (Session info: chrome=139.0.7258.128)
Build info: version: '4.27.0', revision: 'd6e718d134'
System info: os.name: 'Windows 11', os.arch: 'amd64', os.version: '10.0', java.version: '21.0.6'
Driver info: org.openqa.selenium.chrome.ChromeDriver
Command: [c74bf41b85ca77efa95d54edf4f964dc, clickElement {id=f.E58A7F2C082F23FCA24EC4A81EF8031E.d.349DFC9EE70FF4860706FA7B5BE4D72E.e.131}]
Capabilities {acceptInsecureCerts: false, browserName: chrome, browserVersion: 139.0.7258.128, chrome: {chromedriverVersion: 139.0.7258.138 (884e54ea8d4..., userDataDir: C:\Users\weban\AppData\Loca...}, fedcm:accounts: true, goog:chromeOptions: {debuggerAddress: localhost:52249}, networkConnectionEnabled: false, pageLoadStrategy: normal, platformName: windows, proxy: Proxy(), se:cdp: ws://localhost:52249/devtoo..., se:cdpVersion: 139.0.7258.128, setWindowRect: true, strictFileInteractability: false, timeouts: {implicit: 0, pageLoad: 300000, script: 30000}, unhandledPromptBehavior: dismiss and notify, webauthn:extension:credBlob: true, webauthn:extension:largeBlob: true, webauthn:extension:minPinLength: true, webauthn:extension:prf: true, webauthn:virtualAuthenticators: true}
Element: [[ChromeDriver: chrome on windows (c74bf41b85ca77efa95d54edf4f964dc)] -> xpath: //*[@id="root"]/div/div/div[1]/div/div/div[2]/div/div[8]/div/div/a/div/div]
Session ID: c74bf41b85ca77efa95d54edf4f964dc
at org.openqa.selenium.remote.ErrorCodec.decode(ErrorCodec.java:167)
at org.openqa.selenium.remote.codec.w3c.W3CHttpResponseCodec.decode(W3CHttpResponseCodec.java:138)
at org.openqa.selenium.remote.codec.w3c.W3CHttpResponseCodec.decode(W3CHttpResponseCodec.java:50)
at org.openqa.selenium.remote.HttpCommandExecutor.execute(HttpCommandExecutor.java:190)
at org.openqa.selenium.remote.service.DriverCommandExecutor.invokeExecute(DriverCommandExecutor.java:216)
at org.openqa.selenium.remote.service.DriverCommandExecutor.execute(DriverCommandExecutor.java:174)
at org.openqa.selenium.remote.RemoteWebDriver.execute(RemoteWebDriver.java:545)
at org.openqa.selenium.remote.RemoteWebElement.execute(RemoteWebElement.java:223)
at org.openqa.selenium.remote.RemoteWebElement.click(RemoteWebElement.java:76)
at PAGES.Config_Params.add_configparams(Config_Params.java:23)
at java.base/java.util.ArrayList.forEach(ArrayList.java:1596)
... Removed 28 stack frames]]>
    </failure>
  </testcase> <!-- add_configparams -->
  <testcase classname="PAGES.Configuration_Salary_Unit" name="add_Salaryunit" time="1.307">
    <failure type="org.openqa.selenium.ElementClickInterceptedException" message="element click intercepted: Element &amp;lt;div class=&amp;quot; flex justify-center items-center flex-col gap-[5px] w-100 h-full border-b-1 border-[var(--bs-primary)] &amp;quot; style=&amp;quot;width: 100%; text-align: center; padding-left: 0px; height: 100%;&amp;quot;&amp;gt;...&amp;lt;/div&amp;gt; is not clickable at point (76, 618). Other element would receive the click: &amp;lt;div class=&amp;quot;ant-drawer-mask&amp;quot; style=&amp;quot;transition: opacity 0.3s ease-in-out;&amp;quot;&amp;gt;&amp;lt;/div&amp;gt;
  (Session info: chrome=139.0.7258.128)
Build info: version: &amp;apos;4.27.0&amp;apos;, revision: &amp;apos;d6e718d134&amp;apos;
System info: os.name: &amp;apos;Windows 11&amp;apos;, os.arch: &amp;apos;amd64&amp;apos;, os.version: &amp;apos;10.0&amp;apos;, java.version: &amp;apos;21.0.6&amp;apos;
Driver info: org.openqa.selenium.chrome.ChromeDriver
Command: [c74bf41b85ca77efa95d54edf4f964dc, clickElement {id=f.E58A7F2C082F23FCA24EC4A81EF8031E.d.349DFC9EE70FF4860706FA7B5BE4D72E.e.131}]
Capabilities {acceptInsecureCerts: false, browserName: chrome, browserVersion: 139.0.7258.128, chrome: {chromedriverVersion: 139.0.7258.138 (884e54ea8d4..., userDataDir: C:\Users\weban\AppData\Loca...}, fedcm:accounts: true, goog:chromeOptions: {debuggerAddress: localhost:52249}, networkConnectionEnabled: false, pageLoadStrategy: normal, platformName: windows, proxy: Proxy(), se:cdp: ws://localhost:52249/devtoo..., se:cdpVersion: 139.0.7258.128, setWindowRect: true, strictFileInteractability: false, timeouts: {implicit: 0, pageLoad: 300000, script: 30000}, unhandledPromptBehavior: dismiss and notify, webauthn:extension:credBlob: true, webauthn:extension:largeBlob: true, webauthn:extension:minPinLength: true, webauthn:extension:prf: true, webauthn:virtualAuthenticators: true}
Element: [[ChromeDriver: chrome on windows (c74bf41b85ca77efa95d54edf4f964dc)] -&amp;gt; xpath: //*[@id=&amp;quot;root&amp;quot;]/div/div/div[1]/div/div/div[2]/div/div[8]/div/div/a/div/div]
Session ID: c74bf41b85ca77efa95d54edf4f964dc">
      <![CDATA[org.openqa.selenium.ElementClickInterceptedException: element click intercepted: Element <div class=" flex justify-center items-center flex-col gap-[5px] w-100 h-full border-b-1 border-[var(--bs-primary)] " style="width: 100%; text-align: center; padding-left: 0px; height: 100%;">...</div> is not clickable at point (76, 618). Other element would receive the click: <div class="ant-drawer-mask" style="transition: opacity 0.3s ease-in-out;"></div>
  (Session info: chrome=139.0.7258.128)
Build info: version: '4.27.0', revision: 'd6e718d134'
System info: os.name: 'Windows 11', os.arch: 'amd64', os.version: '10.0', java.version: '21.0.6'
Driver info: org.openqa.selenium.chrome.ChromeDriver
Command: [c74bf41b85ca77efa95d54edf4f964dc, clickElement {id=f.E58A7F2C082F23FCA24EC4A81EF8031E.d.349DFC9EE70FF4860706FA7B5BE4D72E.e.131}]
Capabilities {acceptInsecureCerts: false, browserName: chrome, browserVersion: 139.0.7258.128, chrome: {chromedriverVersion: 139.0.7258.138 (884e54ea8d4..., userDataDir: C:\Users\weban\AppData\Loca...}, fedcm:accounts: true, goog:chromeOptions: {debuggerAddress: localhost:52249}, networkConnectionEnabled: false, pageLoadStrategy: normal, platformName: windows, proxy: Proxy(), se:cdp: ws://localhost:52249/devtoo..., se:cdpVersion: 139.0.7258.128, setWindowRect: true, strictFileInteractability: false, timeouts: {implicit: 0, pageLoad: 300000, script: 30000}, unhandledPromptBehavior: dismiss and notify, webauthn:extension:credBlob: true, webauthn:extension:largeBlob: true, webauthn:extension:minPinLength: true, webauthn:extension:prf: true, webauthn:virtualAuthenticators: true}
Element: [[ChromeDriver: chrome on windows (c74bf41b85ca77efa95d54edf4f964dc)] -> xpath: //*[@id="root"]/div/div/div[1]/div/div/div[2]/div/div[8]/div/div/a/div/div]
Session ID: c74bf41b85ca77efa95d54edf4f964dc
at org.openqa.selenium.remote.ErrorCodec.decode(ErrorCodec.java:167)
at org.openqa.selenium.remote.codec.w3c.W3CHttpResponseCodec.decode(W3CHttpResponseCodec.java:138)
at org.openqa.selenium.remote.codec.w3c.W3CHttpResponseCodec.decode(W3CHttpResponseCodec.java:50)
at org.openqa.selenium.remote.HttpCommandExecutor.execute(HttpCommandExecutor.java:190)
at org.openqa.selenium.remote.service.DriverCommandExecutor.invokeExecute(DriverCommandExecutor.java:216)
at org.openqa.selenium.remote.service.DriverCommandExecutor.execute(DriverCommandExecutor.java:174)
at org.openqa.selenium.remote.RemoteWebDriver.execute(RemoteWebDriver.java:545)
at org.openqa.selenium.remote.RemoteWebElement.execute(RemoteWebElement.java:223)
at org.openqa.selenium.remote.RemoteWebElement.click(RemoteWebElement.java:76)
at PAGES.Configuration_Salary_Unit.add_Salaryunit(Configuration_Salary_Unit.java:15)
at java.base/java.util.ArrayList.forEach(ArrayList.java:1596)
... Removed 28 stack frames]]>
    </failure>
  </testcase> <!-- add_Salaryunit -->
  <testcase classname="UTILS.Base_Class" name="@BeforeTest UserLogin" time="0.0">
    <ignored/>
  </testcase> <!-- @BeforeTest UserLogin -->
  <testcase classname="UTILS.Base_Class" name="@BeforeTest UserLogin" time="0.0">
    <ignored/>
  </testcase> <!-- @BeforeTest UserLogin -->
  <testcase classname="UTILS.Base_Class" name="@BeforeTest UserLogin" time="0.0">
    <ignored/>
  </testcase> <!-- @BeforeTest UserLogin -->
  <testcase classname="UTILS.Base_Class" name="@BeforeTest UserLogin" time="0.0">
    <ignored/>
  </testcase> <!-- @BeforeTest UserLogin -->
  <testcase classname="UTILS.Base_Class" name="@BeforeTest UserLogin" time="0.0">
    <ignored/>
  </testcase> <!-- @BeforeTest UserLogin -->
  <testcase classname="UTILS.Base_Class" name="@BeforeTest UserLogin" time="0.0">
    <ignored/>
  </testcase> <!-- @BeforeTest UserLogin -->
  <testcase classname="UTILS.Base_Class" name="@BeforeTest UserLogin" time="0.0">
    <ignored/>
  </testcase> <!-- @BeforeTest UserLogin -->
  <testcase classname="UTILS.Base_Class" name="@BeforeTest UserLogin" time="0.0">
    <ignored/>
  </testcase> <!-- @BeforeTest UserLogin -->
  <testcase classname="UTILS.Base_Class" name="@BeforeTest UserLogin" time="0.0">
    <ignored/>
  </testcase> <!-- @BeforeTest UserLogin -->
  <testcase classname="UTILS.Base_Class" name="@BeforeTest UserLogin" time="0.0">
    <ignored/>
  </testcase> <!-- @BeforeTest UserLogin -->
  <testcase classname="UTILS.Base_Class" name="@BeforeTest UserLogin" time="0.0">
    <ignored/>
  </testcase> <!-- @BeforeTest UserLogin -->
  <testcase classname="UTILS.Base_Class" name="@BeforeTest UserLogin" time="0.0">
    <ignored/>
  </testcase> <!-- @BeforeTest UserLogin -->
  <testcase classname="UTILS.Base_Class" name="@BeforeTest UserLogin" time="0.0">
    <ignored/>
  </testcase> <!-- @BeforeTest UserLogin -->
  <testcase classname="UTILS.Base_Class" name="@BeforeTest UserLogin" time="0.0">
    <ignored/>
  </testcase> <!-- @BeforeTest UserLogin -->
  <testcase classname="UTILS.Base_Class" name="@BeforeTest UserLogin" time="0.0">
    <ignored/>
  </testcase> <!-- @BeforeTest UserLogin -->
  <testcase classname="UTILS.Base_Class" name="@BeforeTest UserLogin" time="0.0">
    <ignored/>
  </testcase> <!-- @BeforeTest UserLogin -->
  <testcase classname="UTILS.Base_Class" name="@BeforeTest UserLogin" time="0.0">
    <ignored/>
  </testcase> <!-- @BeforeTest UserLogin -->
  <testcase classname="UTILS.Base_Class" name="@BeforeTest UserLogin" time="0.0">
    <ignored/>
  </testcase> <!-- @BeforeTest UserLogin -->
  <testcase classname="UTILS.Base_Class" name="@BeforeTest UserLogin" time="0.0">
    <ignored/>
  </testcase> <!-- @BeforeTest UserLogin -->
  <testcase classname="UTILS.Base_Class" name="@BeforeTest UserLogin" time="0.0">
    <ignored/>
  </testcase> <!-- @BeforeTest UserLogin -->
  <testcase classname="UTILS.Base_Class" name="@BeforeTest UserLogin" time="0.0">
    <ignored/>
  </testcase> <!-- @BeforeTest UserLogin -->
</testsuite> <!-- Test -->
